2026-06-01 17:20:35,372 - INFO - Celery file initialized
2026-06-01 17:20:35,376 - INFO - Celery app configured and tasks discovered
2026-06-01 17:39:24,613 - INFO - Celery file initialized
2026-06-01 17:47:28,450 - INFO - Celery file initialized
2026-06-01 17:47:49,955 - INFO - Celery file initialized
2026-06-01 17:59:09,850 - INFO - Celery file initialized
2026-06-01 18:00:50,939 - INFO - Celery file initialized
2026-06-02 02:18:33,464 - INFO - Celery file initialized
2026-06-02 02:18:33,465 - INFO - Celery file initialized
2026-06-02 02:18:33,529 - INFO - Celery file initialized
2026-06-02 14:31:24,682 - INFO - Celery file initialized
2026-06-02 14:39:44,964 - INFO - Celery file initialized
2026-06-02 14:45:25,438 - INFO - Celery file initialized
2026-06-02 14:50:26,951 - INFO - Celery file initialized
2026-06-02 15:05:33,344 - INFO - Celery file initialized
2026-06-02 15:05:33,628 - ERROR - Signal handler <bound method DjangoFixup.on_import_modules of <celery.fixups.django.DjangoFixup object at 0x74eda0874290>> raised: SyntaxError('invalid syntax', ('/root/Documents/AutoDeployer/dashboard/tasks.py', 53, 13, '            else:\n', 53, 17))
Traceback (most recent call last):
  File "/root/Documents/AutoDeployer/venv/lib/python3.12/site-packages/celery/utils/dispatch/signal.py", line 280, in send
    response = receiver(signal=self, sender=sender, **named)
               ^^^^^^^^^^^^^^^^^^^^^^^^^^^^^^^^^^^^^^^^^^^^^
  File "/root/Documents/AutoDeployer/venv/lib/python3.12/site-packages/celery/fixups/django.py", line 103, in on_import_modules
    self.worker_fixup.validate_models()
  File "/root/Documents/AutoDeployer/venv/lib/python3.12/site-packages/celery/fixups/django.py", line 154, in validate_models
    run_checks()
  File "/root/Documents/AutoDeployer/venv/lib/python3.12/site-packages/django/core/checks/registry.py", line 89, in run_checks
    new_errors = check(app_configs=app_configs, databases=databases)
                 ^^^^^^^^^^^^^^^^^^^^^^^^^^^^^^^^^^^^^^^^^^^^^^^^^^^
  File "/root/Documents/AutoDeployer/venv/lib/python3.12/site-packages/django/core/checks/urls.py", line 16, in check_url_config
    return check_resolver(resolver)
           ^^^^^^^^^^^^^^^^^^^^^^^^
  File "/root/Documents/AutoDeployer/venv/lib/python3.12/site-packages/django/core/checks/urls.py", line 26, in check_resolver
    return check_method()
           ^^^^^^^^^^^^^^
  File "/root/Documents/AutoDeployer/venv/lib/python3.12/site-packages/django/urls/resolvers.py", line 541, in check
    for pattern in self.url_patterns:
                   ^^^^^^^^^^^^^^^^^
  File "/root/Documents/AutoDeployer/venv/lib/python3.12/site-packages/django/utils/functional.py", line 47, in __get__
    res = instance.__dict__[self.name] = self.func(instance)
                                         ^^^^^^^^^^^^^^^^^^^
  File "/root/Documents/AutoDeployer/venv/lib/python3.12/site-packages/django/urls/resolvers.py", line 729, in url_patterns
    patterns = getattr(self.urlconf_module, "urlpatterns", self.urlconf_module)
                       ^^^^^^^^^^^^^^^^^^^
  File "/root/Documents/AutoDeployer/venv/lib/python3.12/site-packages/django/utils/functional.py", line 47, in __get__
    res = instance.__dict__[self.name] = self.func(instance)
                                         ^^^^^^^^^^^^^^^^^^^
  File "/root/Documents/AutoDeployer/venv/lib/python3.12/site-packages/django/urls/resolvers.py", line 722, in urlconf_module
    return import_module(self.urlconf_name)
           ^^^^^^^^^^^^^^^^^^^^^^^^^^^^^^^^
  File "/usr/lib/python3.12/importlib/__init__.py", line 90, in import_module
    return _bootstrap._gcd_import(name[level:], package, level)
           ^^^^^^^^^^^^^^^^^^^^^^^^^^^^^^^^^^^^^^^^^^^^^^^^^^^^
  File "<frozen importlib._bootstrap>", line 1387, in _gcd_import
  File "<frozen importlib._bootstrap>", line 1360, in _find_and_load
  File "<frozen importlib._bootstrap>", line 1331, in _find_and_load_unlocked
  File "<frozen importlib._bootstrap>", line 935, in _load_unlocked
  File "<frozen importlib._bootstrap_external>", line 995, in exec_module
  File "<frozen importlib._bootstrap>", line 488, in _call_with_frames_removed
  File "/root/Documents/AutoDeployer/deployflow/urls.py", line 22, in <module>
    path('', include('dashboard.urls')),
             ^^^^^^^^^^^^^^^^^^^^^^^^^
  File "/root/Documents/AutoDeployer/venv/lib/python3.12/site-packages/django/urls/conf.py", line 39, in include
    urlconf_module = import_module(urlconf_module)
                     ^^^^^^^^^^^^^^^^^^^^^^^^^^^^^
  File "/usr/lib/python3.12/importlib/__init__.py", line 90, in import_module
    return _bootstrap._gcd_import(name[level:], package, level)
           ^^^^^^^^^^^^^^^^^^^^^^^^^^^^^^^^^^^^^^^^^^^^^^^^^^^^
  File "<frozen importlib._bootstrap>", line 1387, in _gcd_import
  File "<frozen importlib._bootstrap>", line 1360, in _find_and_load
  File "<frozen importlib._bootstrap>", line 1331, in _find_and_load_unlocked
  File "<frozen importlib._bootstrap>", line 935, in _load_unlocked
  File "<frozen importlib._bootstrap_external>", line 995, in exec_module
  File "<frozen importlib._bootstrap>", line 488, in _call_with_frames_removed
  File "/root/Documents/AutoDeployer/dashboard/urls.py", line 2, in <module>
    from . import views
  File "/root/Documents/AutoDeployer/dashboard/views.py", line 68, in <module>
    from .tasks import deploy_project_task
  File "/root/Documents/AutoDeployer/dashboard/tasks.py", line 53
    else:
    ^^^^
SyntaxError: invalid syntax
2026-06-02 15:05:33,640 - ERROR - Signal handler <promise@0x74eda0861f90 --> <bound method Celery._autodiscover_tasks of <Celery deployflow at 0x74eda102c680>>> raised: SyntaxError('invalid syntax', ('/root/Documents/AutoDeployer/dashboard/tasks.py', 53, 13, '            else:\n', 53, 17))
Traceback (most recent call last):
  File "/root/Documents/AutoDeployer/venv/lib/python3.12/site-packages/celery/utils/dispatch/signal.py", line 280, in send
    response = receiver(signal=self, sender=sender, **named)
               ^^^^^^^^^^^^^^^^^^^^^^^^^^^^^^^^^^^^^^^^^^^^^
  File "/root/Documents/AutoDeployer/venv/lib/python3.12/site-packages/vine/promises.py", line 161, in __call__
    return self.throw()
           ^^^^^^^^^^^^
  File "/root/Documents/AutoDeployer/venv/lib/python3.12/site-packages/vine/promises.py", line 158, in __call__
    retval = fun(*final_args, **final_kwargs)
             ^^^^^^^^^^^^^^^^^^^^^^^^^^^^^^^^
  File "/root/Documents/AutoDeployer/venv/lib/python3.12/site-packages/celery/app/base.py", line 827, in _autodiscover_tasks
    return self._autodiscover_tasks_from_fixups(related_name)
           ^^^^^^^^^^^^^^^^^^^^^^^^^^^^^^^^^^^^^^^^^^^^^^^^^^
  File "/root/Documents/AutoDeployer/venv/lib/python3.12/site-packages/celery/app/base.py", line 836, in _autodiscover_tasks_from_fixups
    return self._autodiscover_tasks_from_names([
           ^^^^^^^^^^^^^^^^^^^^^^^^^^^^^^^^^^^^^
  File "/root/Documents/AutoDeployer/venv/lib/python3.12/site-packages/celery/app/base.py", line 831, in _autodiscover_tasks_from_names
    return self.loader.autodiscover_tasks(
           ^^^^^^^^^^^^^^^^^^^^^^^^^^^^^^^
  File "/root/Documents/AutoDeployer/venv/lib/python3.12/site-packages/celery/loaders/base.py", line 220, in autodiscover_tasks
    mod.__name__ for mod in autodiscover_tasks(packages or (),
                            ^^^^^^^^^^^^^^^^^^^^^^^^^^^^^^^^^^
  File "/root/Documents/AutoDeployer/venv/lib/python3.12/site-packages/celery/loaders/base.py", line 246, in autodiscover_tasks
    return [find_related_module(pkg, related_name) for pkg in packages]
            ^^^^^^^^^^^^^^^^^^^^^^^^^^^^^^^^^^^^^^
  File "/root/Documents/AutoDeployer/venv/lib/python3.12/site-packages/celery/loaders/base.py", line 270, in find_related_module
    return importlib.import_module(module_name)
           ^^^^^^^^^^^^^^^^^^^^^^^^^^^^^^^^^^^^
  File "/usr/lib/python3.12/importlib/__init__.py", line 90, in import_module
    return _bootstrap._gcd_import(name[level:], package, level)
           ^^^^^^^^^^^^^^^^^^^^^^^^^^^^^^^^^^^^^^^^^^^^^^^^^^^^
  File "<frozen importlib._bootstrap>", line 1387, in _gcd_import
  File "<frozen importlib._bootstrap>", line 1360, in _find_and_load
  File "<frozen importlib._bootstrap>", line 1331, in _find_and_load_unlocked
  File "<frozen importlib._bootstrap>", line 935, in _load_unlocked
  File "<frozen importlib._bootstrap_external>", line 991, in exec_module
  File "<frozen importlib._bootstrap_external>", line 1129, in get_code
  File "<frozen importlib._bootstrap_external>", line 1059, in source_to_code
  File "<frozen importlib._bootstrap>", line 488, in _call_with_frames_removed
  File "/root/Documents/AutoDeployer/dashboard/tasks.py", line 53
    else:
    ^^^^
SyntaxError: invalid syntax
2026-06-02 15:06:33,997 - INFO - Celery file initialized
2026-06-02 15:48:26,678 - INFO - Celery file initialized
2026-06-02 15:48:26,849 - INFO - Celery file initialized
2026-06-02 15:48:26,997 - INFO - Celery file initialized
2026-06-02 15:48:40,406 - INFO - Celery file initialized
2026-06-02 17:44:12,906 - INFO - Celery file initialized
2026-06-02 17:44:12,908 - INFO - Celery file initialized
2026-06-02 17:44:13,009 - INFO - Celery file initialized
2026-06-02 17:44:35,481 - INFO - Celery file initialized
2026-06-02 17:57:03,383 - INFO - Celery file initialized
2026-06-02 17:57:03,454 - INFO - Celery file initialized
2026-06-02 17:57:03,620 - INFO - Celery file initialized
2026-06-02 17:57:09,877 - INFO - Celery file initialized
2026-06-02 17:57:09,889 - INFO - Celery file initialized
2026-06-02 17:57:10,096 - INFO - Celery file initialized
2026-06-02 17:58:12,965 - INFO - Celery file initialized
2026-06-02 17:58:13,016 - INFO - Celery file initialized
2026-06-02 17:58:13,131 - INFO - Celery file initialized
2026-06-02 17:59:18,433 - INFO - Celery file initialized
2026-06-02 17:59:18,577 - INFO - Celery file initialized
2026-06-02 17:59:18,590 - INFO - Celery file initialized
2026-06-02 18:19:21,415 - INFO - Celery file initialized
2026-06-02 18:19:21,423 - INFO - Celery file initialized
2026-06-02 18:19:21,552 - INFO - Celery file initialized
2026-06-02 18:26:09,389 - INFO - Celery file initialized
2026-06-02 18:26:09,574 - INFO - Celery file initialized
2026-06-02 18:26:09,674 - INFO - Celery file initialized
2026-06-02 18:58:12,901 - INFO - Celery file initialized
2026-06-02 18:58:13,475 - INFO - Celery file initialized
2026-06-02 19:05:58,691 - INFO - Celery file initialized
2026-06-02 19:06:38,453 - INFO - Celery file initialized
2026-06-02 19:07:00,213 - INFO - Celery file initialized
2026-06-02 19:07:16,381 - INFO - Celery file initialized
2026-06-02 19:07:56,800 - INFO - Celery file initialized
2026-06-02 19:07:57,290 - INFO - Celery file initialized
2026-06-03 09:12:40,180 - INFO - Celery file initialized
2026-06-03 09:13:38,342 - INFO - Celery file initialized
2026-06-03 09:13:38,600 - ERROR - Signal handler <bound method DjangoFixup.on_import_modules of <celery.fixups.django.DjangoFixup object at 0x73fce3878290>> raised: FieldError('Unknown field(s) (container_port) specified for Project')
Traceback (most recent call last):
  File "/root/Documents/AutoDeployer/venv/lib/python3.12/site-packages/celery/utils/dispatch/signal.py", line 280, in send
    response = receiver(signal=self, sender=sender, **named)
               ^^^^^^^^^^^^^^^^^^^^^^^^^^^^^^^^^^^^^^^^^^^^^
  File "/root/Documents/AutoDeployer/venv/lib/python3.12/site-packages/celery/fixups/django.py", line 103, in on_import_modules
    self.worker_fixup.validate_models()
  File "/root/Documents/AutoDeployer/venv/lib/python3.12/site-packages/celery/fixups/django.py", line 154, in validate_models
    run_checks()
  File "/root/Documents/AutoDeployer/venv/lib/python3.12/site-packages/django/core/checks/registry.py", line 89, in run_checks
    new_errors = check(app_configs=app_configs, databases=databases)
                 ^^^^^^^^^^^^^^^^^^^^^^^^^^^^^^^^^^^^^^^^^^^^^^^^^^^
  File "/root/Documents/AutoDeployer/venv/lib/python3.12/site-packages/django/core/checks/urls.py", line 16, in check_url_config
    return check_resolver(resolver)
           ^^^^^^^^^^^^^^^^^^^^^^^^
  File "/root/Documents/AutoDeployer/venv/lib/python3.12/site-packages/django/core/checks/urls.py", line 26, in check_resolver
    return check_method()
           ^^^^^^^^^^^^^^
  File "/root/Documents/AutoDeployer/venv/lib/python3.12/site-packages/django/urls/resolvers.py", line 541, in check
    for pattern in self.url_patterns:
                   ^^^^^^^^^^^^^^^^^
  File "/root/Documents/AutoDeployer/venv/lib/python3.12/site-packages/django/utils/functional.py", line 47, in __get__
    res = instance.__dict__[self.name] = self.func(instance)
                                         ^^^^^^^^^^^^^^^^^^^
  File "/root/Documents/AutoDeployer/venv/lib/python3.12/site-packages/django/urls/resolvers.py", line 729, in url_patterns
    patterns = getattr(self.urlconf_module, "urlpatterns", self.urlconf_module)
                       ^^^^^^^^^^^^^^^^^^^
  File "/root/Documents/AutoDeployer/venv/lib/python3.12/site-packages/django/utils/functional.py", line 47, in __get__
    res = instance.__dict__[self.name] = self.func(instance)
                                         ^^^^^^^^^^^^^^^^^^^
  File "/root/Documents/AutoDeployer/venv/lib/python3.12/site-packages/django/urls/resolvers.py", line 722, in urlconf_module
    return import_module(self.urlconf_name)
           ^^^^^^^^^^^^^^^^^^^^^^^^^^^^^^^^
  File "/usr/lib/python3.12/importlib/__init__.py", line 90, in import_module
    return _bootstrap._gcd_import(name[level:], package, level)
           ^^^^^^^^^^^^^^^^^^^^^^^^^^^^^^^^^^^^^^^^^^^^^^^^^^^^
  File "<frozen importlib._bootstrap>", line 1387, in _gcd_import
  File "<frozen importlib._bootstrap>", line 1360, in _find_and_load
  File "<frozen importlib._bootstrap>", line 1331, in _find_and_load_unlocked
  File "<frozen importlib._bootstrap>", line 935, in _load_unlocked
  File "<frozen importlib._bootstrap_external>", line 995, in exec_module
  File "<frozen importlib._bootstrap>", line 488, in _call_with_frames_removed
  File "/root/Documents/AutoDeployer/deployflow/urls.py", line 22, in <module>
    path('', include('dashboard.urls')),
             ^^^^^^^^^^^^^^^^^^^^^^^^^
  File "/root/Documents/AutoDeployer/venv/lib/python3.12/site-packages/django/urls/conf.py", line 39, in include
    urlconf_module = import_module(urlconf_module)
                     ^^^^^^^^^^^^^^^^^^^^^^^^^^^^^
  File "/usr/lib/python3.12/importlib/__init__.py", line 90, in import_module
    return _bootstrap._gcd_import(name[level:], package, level)
           ^^^^^^^^^^^^^^^^^^^^^^^^^^^^^^^^^^^^^^^^^^^^^^^^^^^^
  File "<frozen importlib._bootstrap>", line 1387, in _gcd_import
  File "<frozen importlib._bootstrap>", line 1360, in _find_and_load
  File "<frozen importlib._bootstrap>", line 1331, in _find_and_load_unlocked
  File "<frozen importlib._bootstrap>", line 935, in _load_unlocked
  File "<frozen importlib._bootstrap_external>", line 995, in exec_module
  File "<frozen importlib._bootstrap>", line 488, in _call_with_frames_removed
  File "/root/Documents/AutoDeployer/dashboard/urls.py", line 2, in <module>
    from . import views
  File "/root/Documents/AutoDeployer/dashboard/views.py", line 2, in <module>
    from .forms import SignupForm, ProjectForm
  File "/root/Documents/AutoDeployer/dashboard/forms.py", line 12, in <module>
    class ProjectForm(forms.ModelForm):
  File "/root/Documents/AutoDeployer/venv/lib/python3.12/site-packages/django/forms/models.py", line 336, in __new__
    raise FieldError(message)
django.core.exceptions.FieldError: Unknown field(s) (container_port) specified for Project
2026-06-03 09:29:34,252 - INFO - Celery file initialized
2026-06-03 09:29:34,520 - ERROR - Signal handler <bound method DjangoFixup.on_import_modules of <celery.fixups.django.DjangoFixup object at 0x72c10e77c1a0>> raised: FieldError('Unknown field(s) (container_port) specified for Project')
Traceback (most recent call last):
  File "/root/Documents/AutoDeployer/venv/lib/python3.12/site-packages/celery/utils/dispatch/signal.py", line 280, in send
    response = receiver(signal=self, sender=sender, **named)
               ^^^^^^^^^^^^^^^^^^^^^^^^^^^^^^^^^^^^^^^^^^^^^
  File "/root/Documents/AutoDeployer/venv/lib/python3.12/site-packages/celery/fixups/django.py", line 103, in on_import_modules
    self.worker_fixup.validate_models()
  File "/root/Documents/AutoDeployer/venv/lib/python3.12/site-packages/celery/fixups/django.py", line 154, in validate_models
    run_checks()
  File "/root/Documents/AutoDeployer/venv/lib/python3.12/site-packages/django/core/checks/registry.py", line 89, in run_checks
    new_errors = check(app_configs=app_configs, databases=databases)
                 ^^^^^^^^^^^^^^^^^^^^^^^^^^^^^^^^^^^^^^^^^^^^^^^^^^^
  File "/root/Documents/AutoDeployer/venv/lib/python3.12/site-packages/django/core/checks/urls.py", line 16, in check_url_config
    return check_resolver(resolver)
           ^^^^^^^^^^^^^^^^^^^^^^^^
  File "/root/Documents/AutoDeployer/venv/lib/python3.12/site-packages/django/core/checks/urls.py", line 26, in check_resolver
    return check_method()
           ^^^^^^^^^^^^^^
  File "/root/Documents/AutoDeployer/venv/lib/python3.12/site-packages/django/urls/resolvers.py", line 541, in check
    for pattern in self.url_patterns:
                   ^^^^^^^^^^^^^^^^^
  File "/root/Documents/AutoDeployer/venv/lib/python3.12/site-packages/django/utils/functional.py", line 47, in __get__
    res = instance.__dict__[self.name] = self.func(instance)
                                         ^^^^^^^^^^^^^^^^^^^
  File "/root/Documents/AutoDeployer/venv/lib/python3.12/site-packages/django/urls/resolvers.py", line 729, in url_patterns
    patterns = getattr(self.urlconf_module, "urlpatterns", self.urlconf_module)
                       ^^^^^^^^^^^^^^^^^^^
  File "/root/Documents/AutoDeployer/venv/lib/python3.12/site-packages/django/utils/functional.py", line 47, in __get__
    res = instance.__dict__[self.name] = self.func(instance)
                                         ^^^^^^^^^^^^^^^^^^^
  File "/root/Documents/AutoDeployer/venv/lib/python3.12/site-packages/django/urls/resolvers.py", line 722, in urlconf_module
    return import_module(self.urlconf_name)
           ^^^^^^^^^^^^^^^^^^^^^^^^^^^^^^^^
  File "/usr/lib/python3.12/importlib/__init__.py", line 90, in import_module
    return _bootstrap._gcd_import(name[level:], package, level)
           ^^^^^^^^^^^^^^^^^^^^^^^^^^^^^^^^^^^^^^^^^^^^^^^^^^^^
  File "<frozen importlib._bootstrap>", line 1387, in _gcd_import
  File "<frozen importlib._bootstrap>", line 1360, in _find_and_load
  File "<frozen importlib._bootstrap>", line 1331, in _find_and_load_unlocked
  File "<frozen importlib._bootstrap>", line 935, in _load_unlocked
  File "<frozen importlib._bootstrap_external>", line 995, in exec_module
  File "<frozen importlib._bootstrap>", line 488, in _call_with_frames_removed
  File "/root/Documents/AutoDeployer/deployflow/urls.py", line 22, in <module>
    path('', include('dashboard.urls')),
             ^^^^^^^^^^^^^^^^^^^^^^^^^
  File "/root/Documents/AutoDeployer/venv/lib/python3.12/site-packages/django/urls/conf.py", line 39, in include
    urlconf_module = import_module(urlconf_module)
                     ^^^^^^^^^^^^^^^^^^^^^^^^^^^^^
  File "/usr/lib/python3.12/importlib/__init__.py", line 90, in import_module
    return _bootstrap._gcd_import(name[level:], package, level)
           ^^^^^^^^^^^^^^^^^^^^^^^^^^^^^^^^^^^^^^^^^^^^^^^^^^^^
  File "<frozen importlib._bootstrap>", line 1387, in _gcd_import
  File "<frozen importlib._bootstrap>", line 1360, in _find_and_load
  File "<frozen importlib._bootstrap>", line 1331, in _find_and_load_unlocked
  File "<frozen importlib._bootstrap>", line 935, in _load_unlocked
  File "<frozen importlib._bootstrap_external>", line 995, in exec_module
  File "<frozen importlib._bootstrap>", line 488, in _call_with_frames_removed
  File "/root/Documents/AutoDeployer/dashboard/urls.py", line 2, in <module>
    from . import views
  File "/root/Documents/AutoDeployer/dashboard/views.py", line 2, in <module>
    from .forms import SignupForm, ProjectForm
  File "/root/Documents/AutoDeployer/dashboard/forms.py", line 12, in <module>
    class ProjectForm(forms.ModelForm):
  File "/root/Documents/AutoDeployer/venv/lib/python3.12/site-packages/django/forms/models.py", line 336, in __new__
    raise FieldError(message)
django.core.exceptions.FieldError: Unknown field(s) (container_port) specified for Project
2026-06-03 09:40:36,898 - INFO - Celery file initialized
2026-06-03 09:47:29,261 - INFO - Celery file initialized
2026-06-03 09:48:02,108 - INFO - Celery file initialized
2026-06-03 09:48:16,362 - INFO - Celery file initialized
2026-06-03 09:48:36,658 - INFO - Celery file initialized
2026-06-03 09:48:36,709 - INFO - Celery file initialized
2026-06-03 09:48:36,771 - INFO - Celery file initialized
2026-06-03 09:51:18,947 - INFO - Celery file initialized
2026-06-03 09:57:16,419 - INFO - Celery file initialized
2026-06-03 10:15:52,211 - INFO - Celery file initialized
2026-06-03 17:15:47,854 - INFO - Celery file initialized
2026-06-03 17:16:36,153 - INFO - Celery file initialized
2026-06-03 17:20:10,875 - INFO - Celery file initialized
2026-06-03 17:20:23,656 - INFO - Celery file initialized
2026-06-03 17:26:47,421 - INFO - Celery file initialized
2026-06-03 18:18:04,051 - INFO - Celery file initialized
2026-06-03 18:20:08,534 - INFO - Celery file initialized
2026-06-03 18:24:28,522 - INFO - Celery file initialized
2026-06-03 18:24:28,792 - ERROR - Signal handler <bound method DjangoFixup.on_import_modules of <celery.fixups.django.DjangoFixup object at 0x789c6d86c2f0>> raised: IndentationError("expected an indented block after 'if' statement on line 31", ('/root/Documents/AutoDeployer/dashboard/tasks.py', 32, 5, '    logger.warning(f"[SKIP] Project {project.id} already deploying")\n', 32, 11))
Traceback (most recent call last):
  File "/root/Documents/AutoDeployer/venv/lib/python3.12/site-packages/celery/utils/dispatch/signal.py", line 280, in send
    response = receiver(signal=self, sender=sender, **named)
               ^^^^^^^^^^^^^^^^^^^^^^^^^^^^^^^^^^^^^^^^^^^^^
  File "/root/Documents/AutoDeployer/venv/lib/python3.12/site-packages/celery/fixups/django.py", line 103, in on_import_modules
    self.worker_fixup.validate_models()
  File "/root/Documents/AutoDeployer/venv/lib/python3.12/site-packages/celery/fixups/django.py", line 154, in validate_models
    run_checks()
  File "/root/Documents/AutoDeployer/venv/lib/python3.12/site-packages/django/core/checks/registry.py", line 89, in run_checks
    new_errors = check(app_configs=app_configs, databases=databases)
                 ^^^^^^^^^^^^^^^^^^^^^^^^^^^^^^^^^^^^^^^^^^^^^^^^^^^
  File "/root/Documents/AutoDeployer/venv/lib/python3.12/site-packages/django/core/checks/urls.py", line 16, in check_url_config
    return check_resolver(resolver)
           ^^^^^^^^^^^^^^^^^^^^^^^^
  File "/root/Documents/AutoDeployer/venv/lib/python3.12/site-packages/django/core/checks/urls.py", line 26, in check_resolver
    return check_method()
           ^^^^^^^^^^^^^^
  File "/root/Documents/AutoDeployer/venv/lib/python3.12/site-packages/django/urls/resolvers.py", line 541, in check
    for pattern in self.url_patterns:
                   ^^^^^^^^^^^^^^^^^
  File "/root/Documents/AutoDeployer/venv/lib/python3.12/site-packages/django/utils/functional.py", line 47, in __get__
    res = instance.__dict__[self.name] = self.func(instance)
                                         ^^^^^^^^^^^^^^^^^^^
  File "/root/Documents/AutoDeployer/venv/lib/python3.12/site-packages/django/urls/resolvers.py", line 729, in url_patterns
    patterns = getattr(self.urlconf_module, "urlpatterns", self.urlconf_module)
                       ^^^^^^^^^^^^^^^^^^^
  File "/root/Documents/AutoDeployer/venv/lib/python3.12/site-packages/django/utils/functional.py", line 47, in __get__
    res = instance.__dict__[self.name] = self.func(instance)
                                         ^^^^^^^^^^^^^^^^^^^
  File "/root/Documents/AutoDeployer/venv/lib/python3.12/site-packages/django/urls/resolvers.py", line 722, in urlconf_module
    return import_module(self.urlconf_name)
           ^^^^^^^^^^^^^^^^^^^^^^^^^^^^^^^^
  File "/usr/lib/python3.12/importlib/__init__.py", line 90, in import_module
    return _bootstrap._gcd_import(name[level:], package, level)
           ^^^^^^^^^^^^^^^^^^^^^^^^^^^^^^^^^^^^^^^^^^^^^^^^^^^^
  File "<frozen importlib._bootstrap>", line 1387, in _gcd_import
  File "<frozen importlib._bootstrap>", line 1360, in _find_and_load
  File "<frozen importlib._bootstrap>", line 1331, in _find_and_load_unlocked
  File "<frozen importlib._bootstrap>", line 935, in _load_unlocked
  File "<frozen importlib._bootstrap_external>", line 995, in exec_module
  File "<frozen importlib._bootstrap>", line 488, in _call_with_frames_removed
  File "/root/Documents/AutoDeployer/deployflow/urls.py", line 22, in <module>
    path('', include('dashboard.urls')),
             ^^^^^^^^^^^^^^^^^^^^^^^^^
  File "/root/Documents/AutoDeployer/venv/lib/python3.12/site-packages/django/urls/conf.py", line 39, in include
    urlconf_module = import_module(urlconf_module)
                     ^^^^^^^^^^^^^^^^^^^^^^^^^^^^^
  File "/usr/lib/python3.12/importlib/__init__.py", line 90, in import_module
    return _bootstrap._gcd_import(name[level:], package, level)
           ^^^^^^^^^^^^^^^^^^^^^^^^^^^^^^^^^^^^^^^^^^^^^^^^^^^^
  File "<frozen importlib._bootstrap>", line 1387, in _gcd_import
  File "<frozen importlib._bootstrap>", line 1360, in _find_and_load
  File "<frozen importlib._bootstrap>", line 1331, in _find_and_load_unlocked
  File "<frozen importlib._bootstrap>", line 935, in _load_unlocked
  File "<frozen importlib._bootstrap_external>", line 995, in exec_module
  File "<frozen importlib._bootstrap>", line 488, in _call_with_frames_removed
  File "/root/Documents/AutoDeployer/dashboard/urls.py", line 2, in <module>
    from . import views
  File "/root/Documents/AutoDeployer/dashboard/views.py", line 69, in <module>
    from .tasks import deploy_project_task
  File "/root/Documents/AutoDeployer/dashboard/tasks.py", line 32
    logger.warning(f"[SKIP] Project {project.id} already deploying")
    ^^^^^^
IndentationError: expected an indented block after 'if' statement on line 31
2026-06-03 18:24:28,796 - ERROR - Signal handler <promise@0x789c6d871f90 --> <bound method Celery._autodiscover_tasks of <Celery deployflow at 0x789c6dad2240>>> raised: IndentationError("expected an indented block after 'if' statement on line 31", ('/root/Documents/AutoDeployer/dashboard/tasks.py', 32, 5, '    logger.warning(f"[SKIP] Project {project.id} already deploying")\n', 32, 11))
Traceback (most recent call last):
  File "/root/Documents/AutoDeployer/venv/lib/python3.12/site-packages/celery/utils/dispatch/signal.py", line 280, in send
    response = receiver(signal=self, sender=sender, **named)
               ^^^^^^^^^^^^^^^^^^^^^^^^^^^^^^^^^^^^^^^^^^^^^
  File "/root/Documents/AutoDeployer/venv/lib/python3.12/site-packages/vine/promises.py", line 161, in __call__
    return self.throw()
           ^^^^^^^^^^^^
  File "/root/Documents/AutoDeployer/venv/lib/python3.12/site-packages/vine/promises.py", line 158, in __call__
    retval = fun(*final_args, **final_kwargs)
             ^^^^^^^^^^^^^^^^^^^^^^^^^^^^^^^^
  File "/root/Documents/AutoDeployer/venv/lib/python3.12/site-packages/celery/app/base.py", line 827, in _autodiscover_tasks
    return self._autodiscover_tasks_from_fixups(related_name)
           ^^^^^^^^^^^^^^^^^^^^^^^^^^^^^^^^^^^^^^^^^^^^^^^^^^
  File "/root/Documents/AutoDeployer/venv/lib/python3.12/site-packages/celery/app/base.py", line 836, in _autodiscover_tasks_from_fixups
    return self._autodiscover_tasks_from_names([
           ^^^^^^^^^^^^^^^^^^^^^^^^^^^^^^^^^^^^^
  File "/root/Documents/AutoDeployer/venv/lib/python3.12/site-packages/celery/app/base.py", line 831, in _autodiscover_tasks_from_names
    return self.loader.autodiscover_tasks(
           ^^^^^^^^^^^^^^^^^^^^^^^^^^^^^^^
  File "/root/Documents/AutoDeployer/venv/lib/python3.12/site-packages/celery/loaders/base.py", line 220, in autodiscover_tasks
    mod.__name__ for mod in autodiscover_tasks(packages or (),
                            ^^^^^^^^^^^^^^^^^^^^^^^^^^^^^^^^^^
  File "/root/Documents/AutoDeployer/venv/lib/python3.12/site-packages/celery/loaders/base.py", line 246, in autodiscover_tasks
    return [find_related_module(pkg, related_name) for pkg in packages]
            ^^^^^^^^^^^^^^^^^^^^^^^^^^^^^^^^^^^^^^
  File "/root/Documents/AutoDeployer/venv/lib/python3.12/site-packages/celery/loaders/base.py", line 270, in find_related_module
    return importlib.import_module(module_name)
           ^^^^^^^^^^^^^^^^^^^^^^^^^^^^^^^^^^^^
  File "/usr/lib/python3.12/importlib/__init__.py", line 90, in import_module
    return _bootstrap._gcd_import(name[level:], package, level)
           ^^^^^^^^^^^^^^^^^^^^^^^^^^^^^^^^^^^^^^^^^^^^^^^^^^^^
  File "<frozen importlib._bootstrap>", line 1387, in _gcd_import
  File "<frozen importlib._bootstrap>", line 1360, in _find_and_load
  File "<frozen importlib._bootstrap>", line 1331, in _find_and_load_unlocked
  File "<frozen importlib._bootstrap>", line 935, in _load_unlocked
  File "<frozen importlib._bootstrap_external>", line 991, in exec_module
  File "<frozen importlib._bootstrap_external>", line 1129, in get_code
  File "<frozen importlib._bootstrap_external>", line 1059, in source_to_code
  File "<frozen importlib._bootstrap>", line 488, in _call_with_frames_removed
  File "/root/Documents/AutoDeployer/dashboard/tasks.py", line 32
    logger.warning(f"[SKIP] Project {project.id} already deploying")
    ^^^^^^
IndentationError: expected an indented block after 'if' statement on line 31
2026-06-03 18:25:24,954 - INFO - Celery file initialized
2026-06-04 06:12:15,630 - INFO - Celery file initialized
2026-06-04 06:12:15,635 - INFO - Celery file initialized
2026-06-04 06:12:15,694 - INFO - Celery file initialized
2026-06-04 08:56:29,885 - INFO - Celery file initialized
2026-06-04 08:56:29,894 - INFO - Celery file initialized
2026-06-04 08:56:29,896 - INFO - Celery file initialized
2026-06-04 09:03:12,926 - INFO - Celery file initialized
2026-06-04 09:11:04,411 - INFO - Celery file initialized
2026-06-04 09:51:18,713 - INFO - Celery file initialized
2026-06-04 09:54:27,613 - INFO - Celery file initialized
2026-06-04 09:56:59,389 - INFO - Celery file initialized
2026-06-05 08:25:37,501 - INFO - Celery file initialized
2026-06-05 08:35:20,163 - INFO - Celery file initialized
2026-06-05 08:36:15,237 - INFO - Celery file initialized
2026-06-05 08:38:42,247 - INFO - Celery file initialized
2026-06-05 08:38:42,282 - INFO - Celery file initialized
2026-06-05 08:38:42,400 - INFO - Celery file initialized
2026-06-05 08:40:13,180 - INFO - Celery file initialized
2026-06-05 08:40:27,202 - INFO - Celery file initialized
2026-06-05 08:43:33,130 - INFO - Celery file initialized
2026-06-05 08:51:35,583 - INFO - Celery file initialized
2026-06-05 09:25:57,108 - INFO - Celery file initialized
2026-06-05 09:45:26,112 - INFO - Celery file initialized
2026-06-05 09:47:05,726 - INFO - Celery file initialized
2026-06-05 09:47:05,786 - INFO - Celery file initialized
2026-06-05 09:47:05,940 - INFO - Celery file initialized
2026-06-05 09:48:59,558 - INFO - Celery file initialized
2026-06-05 09:54:48,723 - INFO - Celery file initialized
2026-06-05 09:54:48,823 - INFO - Celery file initialized
2026-06-05 09:54:48,949 - INFO - Celery file initialized
2026-06-05 09:55:06,738 - INFO - Celery file initialized
2026-06-05 10:08:01,490 - INFO - Celery file initialized
2026-06-05 10:10:16,498 - INFO - Celery file initialized
2026-06-05 10:10:21,268 - INFO - Celery file initialized
2026-06-05 10:10:34,804 - INFO - Celery file initialized
2026-06-05 10:10:40,165 - INFO - Celery file initialized
2026-06-05 10:10:40,211 - INFO - Celery file initialized
2026-06-05 10:10:40,461 - INFO - Celery file initialized
2026-06-06 07:51:48,163 - INFO - Celery file initialized
2026-06-06 07:51:58,765 - INFO - Celery file initialized
2026-06-06 08:12:14,850 - INFO - Celery file initialized
2026-06-06 08:12:23,576 - INFO - Celery file initialized
2026-06-06 14:23:43,361 - INFO - Celery file initialized
2026-06-06 14:23:43,475 - INFO - Celery file initialized
2026-06-06 14:23:43,502 - INFO - Celery file initialized
2026-06-06 14:28:51,778 - INFO - Celery file initialized
2026-06-06 14:45:52,266 - INFO - Celery file initialized
2026-06-06 14:45:52,372 - INFO - Celery file initialized
2026-06-06 14:45:52,625 - INFO - Celery file initialized
2026-06-06 15:41:11,631 - INFO - Celery file initialized
2026-06-06 15:41:11,643 - INFO - Celery file initialized
2026-06-06 15:41:11,644 - INFO - Celery file initialized
2026-06-06 15:41:16,343 - INFO - Celery file initialized
2026-06-06 15:42:19,466 - INFO - Celery file initialized
2026-06-06 15:44:33,815 - INFO - Celery file initialized
2026-06-06 15:44:33,964 - INFO - Celery file initialized
2026-06-06 15:44:34,065 - INFO - Celery file initialized
2026-06-06 15:48:27,978 - INFO - Celery file initialized
2026-06-06 15:48:28,114 - INFO - Celery file initialized
2026-06-06 15:48:28,121 - INFO - Celery file initialized
2026-06-06 15:53:56,235 - INFO - Celery file initialized
2026-06-06 18:25:45,586 - INFO - Celery file initialized
2026-06-06 18:25:45,739 - INFO - Celery file initialized
2026-06-06 18:25:45,836 - INFO - Celery file initialized
2026-06-06 18:40:23,440 - INFO - Celery file initialized
2026-06-06 18:40:23,547 - INFO - Celery file initialized
2026-06-06 18:40:23,722 - INFO - Celery file initialized
2026-06-06 18:46:57,057 - INFO - Celery file initialized
2026-06-06 18:46:57,200 - INFO - Celery file initialized
2026-06-06 18:46:57,243 - INFO - Celery file initialized
2026-06-06 18:48:20,487 - INFO - Celery file initialized
2026-06-06 18:48:20,497 - INFO - Celery file initialized
2026-06-06 18:48:20,587 - INFO - Celery file initialized
2026-06-06 18:49:29,461 - INFO - Celery file initialized
2026-06-06 18:49:29,612 - INFO - Celery file initialized
2026-06-06 18:49:29,793 - INFO - Celery file initialized
2026-06-06 18:51:06,496 - INFO - Celery file initialized
2026-06-06 18:51:06,731 - INFO - Celery file initialized
2026-06-06 18:51:06,742 - INFO - Celery file initialized
2026-06-06 18:52:23,518 - INFO - Celery file initialized
2026-06-06 18:52:23,576 - INFO - Celery file initialized
2026-06-06 18:52:23,590 - INFO - Celery file initialized
2026-06-06 18:54:57,639 - INFO - Celery file initialized
2026-06-06 18:54:57,698 - INFO - Celery file initialized
2026-06-06 18:54:57,833 - INFO - Celery file initialized
2026-06-06 19:30:28,587 - INFO - Celery file initialized
2026-06-06 19:30:28,692 - INFO - Celery file initialized
2026-06-06 19:30:28,819 - INFO - Celery file initialized
2026-06-06 19:43:40,414 - INFO - Celery file initialized
2026-06-06 19:43:40,581 - INFO - Celery file initialized
2026-06-06 19:43:40,683 - INFO - Celery file initialized
2026-06-06 20:51:27,805 - INFO - Celery file initialized
2026-06-06 21:13:58,191 - INFO - Celery file initialized
2026-06-06 21:30:48,894 - INFO - Celery file initialized
2026-06-06 21:30:49,000 - INFO - Celery file initialized
2026-06-06 21:30:49,219 - INFO - Celery file initialized
2026-06-06 21:43:35,631 - INFO - Celery file initialized
2026-06-06 21:43:35,646 - INFO - Celery file initialized
2026-06-06 21:43:35,733 - INFO - Celery file initialized
2026-06-06 21:46:26,704 - INFO - Celery file initialized
2026-06-06 21:46:26,733 - INFO - Celery file initialized
2026-06-06 21:46:26,758 - INFO - Celery file initialized
2026-06-06 21:57:06,532 - INFO - Celery file initialized
2026-06-06 21:57:06,735 - INFO - Celery file initialized
2026-06-06 21:57:06,756 - INFO - Celery file initialized
2026-06-06 22:10:26,686 - INFO - Celery file initialized
2026-06-06 22:10:26,897 - INFO - Celery file initialized
2026-06-06 22:10:27,049 - INFO - Celery file initialized
2026-06-06 22:13:34,110 - INFO - Celery file initialized
2026-06-06 22:14:12,499 - INFO - Celery file initialized
2026-06-07 11:48:16,952 - INFO - Celery file initialized
2026-06-07 11:48:17,003 - INFO - Celery file initialized
2026-06-07 11:48:17,056 - INFO - Celery file initialized
2026-06-07 11:48:26,751 - INFO - Celery file initialized
2026-06-07 11:56:24,634 - INFO - Celery file initialized
2026-06-07 11:56:24,656 - INFO - Celery file initialized
2026-06-07 11:56:24,710 - INFO - Celery file initialized
2026-06-07 11:56:31,026 - INFO - Celery file initialized
2026-06-07 12:27:56,965 - INFO - Celery file initialized
2026-06-07 12:27:57,107 - INFO - Celery file initialized
2026-06-07 12:27:57,294 - INFO - Celery file initialized
2026-06-07 12:28:01,909 - INFO - Celery file initialized
2026-06-07 12:28:02,176 - ERROR - Signal handler <bound method DjangoFixup.on_import_modules of <celery.fixups.django.DjangoFixup object at 0x77dcefd639b0>> raised: IndentationError('unindent does not match any outer indentation level', ('/root/Documents/AutoDeployer/dashboard/tasks.py', 355, 20, '       logger.info(\n', 355, -1))
Traceback (most recent call last):
  File "/root/Documents/AutoDeployer/venv/lib/python3.12/site-packages/celery/utils/dispatch/signal.py", line 280, in send
    response = receiver(signal=self, sender=sender, **named)
               ^^^^^^^^^^^^^^^^^^^^^^^^^^^^^^^^^^^^^^^^^^^^^
  File "/root/Documents/AutoDeployer/venv/lib/python3.12/site-packages/celery/fixups/django.py", line 103, in on_import_modules
    self.worker_fixup.validate_models()
  File "/root/Documents/AutoDeployer/venv/lib/python3.12/site-packages/celery/fixups/django.py", line 154, in validate_models
    run_checks()
  File "/root/Documents/AutoDeployer/venv/lib/python3.12/site-packages/django/core/checks/registry.py", line 89, in run_checks
    new_errors = check(app_configs=app_configs, databases=databases)
                 ^^^^^^^^^^^^^^^^^^^^^^^^^^^^^^^^^^^^^^^^^^^^^^^^^^^
  File "/root/Documents/AutoDeployer/venv/lib/python3.12/site-packages/django/core/checks/urls.py", line 16, in check_url_config
    return check_resolver(resolver)
           ^^^^^^^^^^^^^^^^^^^^^^^^
  File "/root/Documents/AutoDeployer/venv/lib/python3.12/site-packages/django/core/checks/urls.py", line 26, in check_resolver
    return check_method()
           ^^^^^^^^^^^^^^
  File "/root/Documents/AutoDeployer/venv/lib/python3.12/site-packages/django/urls/resolvers.py", line 541, in check
    for pattern in self.url_patterns:
                   ^^^^^^^^^^^^^^^^^
  File "/root/Documents/AutoDeployer/venv/lib/python3.12/site-packages/django/utils/functional.py", line 47, in __get__
    res = instance.__dict__[self.name] = self.func(instance)
                                         ^^^^^^^^^^^^^^^^^^^
  File "/root/Documents/AutoDeployer/venv/lib/python3.12/site-packages/django/urls/resolvers.py", line 729, in url_patterns
    patterns = getattr(self.urlconf_module, "urlpatterns", self.urlconf_module)
                       ^^^^^^^^^^^^^^^^^^^
  File "/root/Documents/AutoDeployer/venv/lib/python3.12/site-packages/django/utils/functional.py", line 47, in __get__
    res = instance.__dict__[self.name] = self.func(instance)
                                         ^^^^^^^^^^^^^^^^^^^
  File "/root/Documents/AutoDeployer/venv/lib/python3.12/site-packages/django/urls/resolvers.py", line 722, in urlconf_module
    return import_module(self.urlconf_name)
           ^^^^^^^^^^^^^^^^^^^^^^^^^^^^^^^^
  File "/usr/lib/python3.12/importlib/__init__.py", line 90, in import_module
    return _bootstrap._gcd_import(name[level:], package, level)
           ^^^^^^^^^^^^^^^^^^^^^^^^^^^^^^^^^^^^^^^^^^^^^^^^^^^^
  File "<frozen importlib._bootstrap>", line 1387, in _gcd_import
  File "<frozen importlib._bootstrap>", line 1360, in _find_and_load
  File "<frozen importlib._bootstrap>", line 1331, in _find_and_load_unlocked
  File "<frozen importlib._bootstrap>", line 935, in _load_unlocked
  File "<frozen importlib._bootstrap_external>", line 995, in exec_module
  File "<frozen importlib._bootstrap>", line 488, in _call_with_frames_removed
  File "/root/Documents/AutoDeployer/deployflow/urls.py", line 22, in <module>
    path('', include('dashboard.urls')),
             ^^^^^^^^^^^^^^^^^^^^^^^^^
  File "/root/Documents/AutoDeployer/venv/lib/python3.12/site-packages/django/urls/conf.py", line 39, in include
    urlconf_module = import_module(urlconf_module)
                     ^^^^^^^^^^^^^^^^^^^^^^^^^^^^^
  File "/usr/lib/python3.12/importlib/__init__.py", line 90, in import_module
    return _bootstrap._gcd_import(name[level:], package, level)
           ^^^^^^^^^^^^^^^^^^^^^^^^^^^^^^^^^^^^^^^^^^^^^^^^^^^^
  File "<frozen importlib._bootstrap>", line 1387, in _gcd_import
  File "<frozen importlib._bootstrap>", line 1360, in _find_and_load
  File "<frozen importlib._bootstrap>", line 1331, in _find_and_load_unlocked
  File "<frozen importlib._bootstrap>", line 935, in _load_unlocked
  File "<frozen importlib._bootstrap_external>", line 995, in exec_module
  File "<frozen importlib._bootstrap>", line 488, in _call_with_frames_removed
  File "/root/Documents/AutoDeployer/dashboard/urls.py", line 2, in <module>
    from . import views
  File "/root/Documents/AutoDeployer/dashboard/views.py", line 13, in <module>
    from .tasks import (
  File "/root/Documents/AutoDeployer/dashboard/tasks.py", line 355
    logger.info(
                ^
IndentationError: unindent does not match any outer indentation level
2026-06-07 12:28:02,187 - ERROR - Signal handler <promise@0x77dcef965f90 --> <bound method Celery._autodiscover_tasks of <Celery deployflow at 0x77dcf02e8f80>>> raised: IndentationError('unindent does not match any outer indentation level', ('/root/Documents/AutoDeployer/dashboard/tasks.py', 355, 20, '       logger.info(\n', 355, -1))
Traceback (most recent call last):
  File "/root/Documents/AutoDeployer/venv/lib/python3.12/site-packages/celery/utils/dispatch/signal.py", line 280, in send
    response = receiver(signal=self, sender=sender, **named)
               ^^^^^^^^^^^^^^^^^^^^^^^^^^^^^^^^^^^^^^^^^^^^^
  File "/root/Documents/AutoDeployer/venv/lib/python3.12/site-packages/vine/promises.py", line 161, in __call__
    return self.throw()
           ^^^^^^^^^^^^
  File "/root/Documents/AutoDeployer/venv/lib/python3.12/site-packages/vine/promises.py", line 158, in __call__
    retval = fun(*final_args, **final_kwargs)
             ^^^^^^^^^^^^^^^^^^^^^^^^^^^^^^^^
  File "/root/Documents/AutoDeployer/venv/lib/python3.12/site-packages/celery/app/base.py", line 827, in _autodiscover_tasks
    return self._autodiscover_tasks_from_fixups(related_name)
           ^^^^^^^^^^^^^^^^^^^^^^^^^^^^^^^^^^^^^^^^^^^^^^^^^^
  File "/root/Documents/AutoDeployer/venv/lib/python3.12/site-packages/celery/app/base.py", line 836, in _autodiscover_tasks_from_fixups
    return self._autodiscover_tasks_from_names([
           ^^^^^^^^^^^^^^^^^^^^^^^^^^^^^^^^^^^^^
  File "/root/Documents/AutoDeployer/venv/lib/python3.12/site-packages/celery/app/base.py", line 831, in _autodiscover_tasks_from_names
    return self.loader.autodiscover_tasks(
           ^^^^^^^^^^^^^^^^^^^^^^^^^^^^^^^
  File "/root/Documents/AutoDeployer/venv/lib/python3.12/site-packages/celery/loaders/base.py", line 220, in autodiscover_tasks
    mod.__name__ for mod in autodiscover_tasks(packages or (),
                            ^^^^^^^^^^^^^^^^^^^^^^^^^^^^^^^^^^
  File "/root/Documents/AutoDeployer/venv/lib/python3.12/site-packages/celery/loaders/base.py", line 246, in autodiscover_tasks
    return [find_related_module(pkg, related_name) for pkg in packages]
            ^^^^^^^^^^^^^^^^^^^^^^^^^^^^^^^^^^^^^^
  File "/root/Documents/AutoDeployer/venv/lib/python3.12/site-packages/celery/loaders/base.py", line 270, in find_related_module
    return importlib.import_module(module_name)
           ^^^^^^^^^^^^^^^^^^^^^^^^^^^^^^^^^^^^
  File "/usr/lib/python3.12/importlib/__init__.py", line 90, in import_module
    return _bootstrap._gcd_import(name[level:], package, level)
           ^^^^^^^^^^^^^^^^^^^^^^^^^^^^^^^^^^^^^^^^^^^^^^^^^^^^
  File "<frozen importlib._bootstrap>", line 1387, in _gcd_import
  File "<frozen importlib._bootstrap>", line 1360, in _find_and_load
  File "<frozen importlib._bootstrap>", line 1331, in _find_and_load_unlocked
  File "<frozen importlib._bootstrap>", line 935, in _load_unlocked
  File "<frozen importlib._bootstrap_external>", line 991, in exec_module
  File "<frozen importlib._bootstrap_external>", line 1129, in get_code
  File "<frozen importlib._bootstrap_external>", line 1059, in source_to_code
  File "<frozen importlib._bootstrap>", line 488, in _call_with_frames_removed
  File "/root/Documents/AutoDeployer/dashboard/tasks.py", line 355
    logger.info(
                ^
IndentationError: unindent does not match any outer indentation level
2026-06-07 12:28:02,983 - INFO - Celery file initialized
2026-06-07 12:28:03,261 - ERROR - Signal handler <bound method DjangoFixup.on_import_modules of <celery.fixups.django.DjangoFixup object at 0x778e90094140>> raised: IndentationError('unindent does not match any outer indentation level', ('/root/Documents/AutoDeployer/dashboard/tasks.py', 355, 20, '       logger.info(\n', 355, -1))
Traceback (most recent call last):
  File "/root/Documents/AutoDeployer/venv/lib/python3.12/site-packages/celery/utils/dispatch/signal.py", line 280, in send
    response = receiver(signal=self, sender=sender, **named)
               ^^^^^^^^^^^^^^^^^^^^^^^^^^^^^^^^^^^^^^^^^^^^^
  File "/root/Documents/AutoDeployer/venv/lib/python3.12/site-packages/celery/fixups/django.py", line 103, in on_import_modules
    self.worker_fixup.validate_models()
  File "/root/Documents/AutoDeployer/venv/lib/python3.12/site-packages/celery/fixups/django.py", line 154, in validate_models
    run_checks()
  File "/root/Documents/AutoDeployer/venv/lib/python3.12/site-packages/django/core/checks/registry.py", line 89, in run_checks
    new_errors = check(app_configs=app_configs, databases=databases)
                 ^^^^^^^^^^^^^^^^^^^^^^^^^^^^^^^^^^^^^^^^^^^^^^^^^^^
  File "/root/Documents/AutoDeployer/venv/lib/python3.12/site-packages/django/core/checks/urls.py", line 16, in check_url_config
    return check_resolver(resolver)
           ^^^^^^^^^^^^^^^^^^^^^^^^
  File "/root/Documents/AutoDeployer/venv/lib/python3.12/site-packages/django/core/checks/urls.py", line 26, in check_resolver
    return check_method()
           ^^^^^^^^^^^^^^
  File "/root/Documents/AutoDeployer/venv/lib/python3.12/site-packages/django/urls/resolvers.py", line 541, in check
    for pattern in self.url_patterns:
                   ^^^^^^^^^^^^^^^^^
  File "/root/Documents/AutoDeployer/venv/lib/python3.12/site-packages/django/utils/functional.py", line 47, in __get__
    res = instance.__dict__[self.name] = self.func(instance)
                                         ^^^^^^^^^^^^^^^^^^^
  File "/root/Documents/AutoDeployer/venv/lib/python3.12/site-packages/django/urls/resolvers.py", line 729, in url_patterns
    patterns = getattr(self.urlconf_module, "urlpatterns", self.urlconf_module)
                       ^^^^^^^^^^^^^^^^^^^
  File "/root/Documents/AutoDeployer/venv/lib/python3.12/site-packages/django/utils/functional.py", line 47, in __get__
    res = instance.__dict__[self.name] = self.func(instance)
                                         ^^^^^^^^^^^^^^^^^^^
  File "/root/Documents/AutoDeployer/venv/lib/python3.12/site-packages/django/urls/resolvers.py", line 722, in urlconf_module
    return import_module(self.urlconf_name)
           ^^^^^^^^^^^^^^^^^^^^^^^^^^^^^^^^
  File "/usr/lib/python3.12/importlib/__init__.py", line 90, in import_module
    return _bootstrap._gcd_import(name[level:], package, level)
           ^^^^^^^^^^^^^^^^^^^^^^^^^^^^^^^^^^^^^^^^^^^^^^^^^^^^
  File "<frozen importlib._bootstrap>", line 1387, in _gcd_import
  File "<frozen importlib._bootstrap>", line 1360, in _find_and_load
  File "<frozen importlib._bootstrap>", line 1331, in _find_and_load_unlocked
  File "<frozen importlib._bootstrap>", line 935, in _load_unlocked
  File "<frozen importlib._bootstrap_external>", line 995, in exec_module
  File "<frozen importlib._bootstrap>", line 488, in _call_with_frames_removed
  File "/root/Documents/AutoDeployer/deployflow/urls.py", line 22, in <module>
    path('', include('dashboard.urls')),
             ^^^^^^^^^^^^^^^^^^^^^^^^^
  File "/root/Documents/AutoDeployer/venv/lib/python3.12/site-packages/django/urls/conf.py", line 39, in include
    urlconf_module = import_module(urlconf_module)
                     ^^^^^^^^^^^^^^^^^^^^^^^^^^^^^
  File "/usr/lib/python3.12/importlib/__init__.py", line 90, in import_module
    return _bootstrap._gcd_import(name[level:], package, level)
           ^^^^^^^^^^^^^^^^^^^^^^^^^^^^^^^^^^^^^^^^^^^^^^^^^^^^
  File "<frozen importlib._bootstrap>", line 1387, in _gcd_import
  File "<frozen importlib._bootstrap>", line 1360, in _find_and_load
  File "<frozen importlib._bootstrap>", line 1331, in _find_and_load_unlocked
  File "<frozen importlib._bootstrap>", line 935, in _load_unlocked
  File "<frozen importlib._bootstrap_external>", line 995, in exec_module
  File "<frozen importlib._bootstrap>", line 488, in _call_with_frames_removed
  File "/root/Documents/AutoDeployer/dashboard/urls.py", line 2, in <module>
    from . import views
  File "/root/Documents/AutoDeployer/dashboard/views.py", line 13, in <module>
    from .tasks import (
  File "/root/Documents/AutoDeployer/dashboard/tasks.py", line 355
    logger.info(
                ^
IndentationError: unindent does not match any outer indentation level
2026-06-07 12:28:03,267 - ERROR - Signal handler <promise@0x778e9007df90 --> <bound method Celery._autodiscover_tasks of <Celery deployflow at 0x778e9002ac00>>> raised: IndentationError('unindent does not match any outer indentation level', ('/root/Documents/AutoDeployer/dashboard/tasks.py', 355, 20, '       logger.info(\n', 355, -1))
Traceback (most recent call last):
  File "/root/Documents/AutoDeployer/venv/lib/python3.12/site-packages/celery/utils/dispatch/signal.py", line 280, in send
    response = receiver(signal=self, sender=sender, **named)
               ^^^^^^^^^^^^^^^^^^^^^^^^^^^^^^^^^^^^^^^^^^^^^
  File "/root/Documents/AutoDeployer/venv/lib/python3.12/site-packages/vine/promises.py", line 161, in __call__
    return self.throw()
           ^^^^^^^^^^^^
  File "/root/Documents/AutoDeployer/venv/lib/python3.12/site-packages/vine/promises.py", line 158, in __call__
    retval = fun(*final_args, **final_kwargs)
             ^^^^^^^^^^^^^^^^^^^^^^^^^^^^^^^^
  File "/root/Documents/AutoDeployer/venv/lib/python3.12/site-packages/celery/app/base.py", line 827, in _autodiscover_tasks
    return self._autodiscover_tasks_from_fixups(related_name)
           ^^^^^^^^^^^^^^^^^^^^^^^^^^^^^^^^^^^^^^^^^^^^^^^^^^
  File "/root/Documents/AutoDeployer/venv/lib/python3.12/site-packages/celery/app/base.py", line 836, in _autodiscover_tasks_from_fixups
    return self._autodiscover_tasks_from_names([
           ^^^^^^^^^^^^^^^^^^^^^^^^^^^^^^^^^^^^^
  File "/root/Documents/AutoDeployer/venv/lib/python3.12/site-packages/celery/app/base.py", line 831, in _autodiscover_tasks_from_names
    return self.loader.autodiscover_tasks(
           ^^^^^^^^^^^^^^^^^^^^^^^^^^^^^^^
  File "/root/Documents/AutoDeployer/venv/lib/python3.12/site-packages/celery/loaders/base.py", line 220, in autodiscover_tasks
    mod.__name__ for mod in autodiscover_tasks(packages or (),
                            ^^^^^^^^^^^^^^^^^^^^^^^^^^^^^^^^^^
  File "/root/Documents/AutoDeployer/venv/lib/python3.12/site-packages/celery/loaders/base.py", line 246, in autodiscover_tasks
    return [find_related_module(pkg, related_name) for pkg in packages]
            ^^^^^^^^^^^^^^^^^^^^^^^^^^^^^^^^^^^^^^
  File "/root/Documents/AutoDeployer/venv/lib/python3.12/site-packages/celery/loaders/base.py", line 270, in find_related_module
    return importlib.import_module(module_name)
           ^^^^^^^^^^^^^^^^^^^^^^^^^^^^^^^^^^^^
  File "/usr/lib/python3.12/importlib/__init__.py", line 90, in import_module
    return _bootstrap._gcd_import(name[level:], package, level)
           ^^^^^^^^^^^^^^^^^^^^^^^^^^^^^^^^^^^^^^^^^^^^^^^^^^^^
  File "<frozen importlib._bootstrap>", line 1387, in _gcd_import
  File "<frozen importlib._bootstrap>", line 1360, in _find_and_load
  File "<frozen importlib._bootstrap>", line 1331, in _find_and_load_unlocked
  File "<frozen importlib._bootstrap>", line 935, in _load_unlocked
  File "<frozen importlib._bootstrap_external>", line 991, in exec_module
  File "<frozen importlib._bootstrap_external>", line 1129, in get_code
  File "<frozen importlib._bootstrap_external>", line 1059, in source_to_code
  File "<frozen importlib._bootstrap>", line 488, in _call_with_frames_removed
  File "/root/Documents/AutoDeployer/dashboard/tasks.py", line 355
    logger.info(
                ^
IndentationError: unindent does not match any outer indentation level
2026-06-07 12:28:03,982 - INFO - Celery file initialized
2026-06-07 12:28:04,260 - ERROR - Signal handler <bound method DjangoFixup.on_import_modules of <celery.fixups.django.DjangoFixup object at 0x7b2cb7b48230>> raised: IndentationError('unindent does not match any outer indentation level', ('/root/Documents/AutoDeployer/dashboard/tasks.py', 355, 20, '       logger.info(\n', 355, -1))
Traceback (most recent call last):
  File "/root/Documents/AutoDeployer/venv/lib/python3.12/site-packages/celery/utils/dispatch/signal.py", line 280, in send
    response = receiver(signal=self, sender=sender, **named)
               ^^^^^^^^^^^^^^^^^^^^^^^^^^^^^^^^^^^^^^^^^^^^^
  File "/root/Documents/AutoDeployer/venv/lib/python3.12/site-packages/celery/fixups/django.py", line 103, in on_import_modules
    self.worker_fixup.validate_models()
  File "/root/Documents/AutoDeployer/venv/lib/python3.12/site-packages/celery/fixups/django.py", line 154, in validate_models
    run_checks()
  File "/root/Documents/AutoDeployer/venv/lib/python3.12/site-packages/django/core/checks/registry.py", line 89, in run_checks
    new_errors = check(app_configs=app_configs, databases=databases)
                 ^^^^^^^^^^^^^^^^^^^^^^^^^^^^^^^^^^^^^^^^^^^^^^^^^^^
  File "/root/Documents/AutoDeployer/venv/lib/python3.12/site-packages/django/core/checks/urls.py", line 16, in check_url_config
    return check_resolver(resolver)
           ^^^^^^^^^^^^^^^^^^^^^^^^
  File "/root/Documents/AutoDeployer/venv/lib/python3.12/site-packages/django/core/checks/urls.py", line 26, in check_resolver
    return check_method()
           ^^^^^^^^^^^^^^
  File "/root/Documents/AutoDeployer/venv/lib/python3.12/site-packages/django/urls/resolvers.py", line 541, in check
    for pattern in self.url_patterns:
                   ^^^^^^^^^^^^^^^^^
  File "/root/Documents/AutoDeployer/venv/lib/python3.12/site-packages/django/utils/functional.py", line 47, in __get__
    res = instance.__dict__[self.name] = self.func(instance)
                                         ^^^^^^^^^^^^^^^^^^^
  File "/root/Documents/AutoDeployer/venv/lib/python3.12/site-packages/django/urls/resolvers.py", line 729, in url_patterns
    patterns = getattr(self.urlconf_module, "urlpatterns", self.urlconf_module)
                       ^^^^^^^^^^^^^^^^^^^
  File "/root/Documents/AutoDeployer/venv/lib/python3.12/site-packages/django/utils/functional.py", line 47, in __get__
    res = instance.__dict__[self.name] = self.func(instance)
                                         ^^^^^^^^^^^^^^^^^^^
  File "/root/Documents/AutoDeployer/venv/lib/python3.12/site-packages/django/urls/resolvers.py", line 722, in urlconf_module
    return import_module(self.urlconf_name)
           ^^^^^^^^^^^^^^^^^^^^^^^^^^^^^^^^
  File "/usr/lib/python3.12/importlib/__init__.py", line 90, in import_module
    return _bootstrap._gcd_import(name[level:], package, level)
           ^^^^^^^^^^^^^^^^^^^^^^^^^^^^^^^^^^^^^^^^^^^^^^^^^^^^
  File "<frozen importlib._bootstrap>", line 1387, in _gcd_import
  File "<frozen importlib._bootstrap>", line 1360, in _find_and_load
  File "<frozen importlib._bootstrap>", line 1331, in _find_and_load_unlocked
  File "<frozen importlib._bootstrap>", line 935, in _load_unlocked
  File "<frozen importlib._bootstrap_external>", line 995, in exec_module
  File "<frozen importlib._bootstrap>", line 488, in _call_with_frames_removed
  File "/root/Documents/AutoDeployer/deployflow/urls.py", line 22, in <module>
    path('', include('dashboard.urls')),
             ^^^^^^^^^^^^^^^^^^^^^^^^^
  File "/root/Documents/AutoDeployer/venv/lib/python3.12/site-packages/django/urls/conf.py", line 39, in include
    urlconf_module = import_module(urlconf_module)
                     ^^^^^^^^^^^^^^^^^^^^^^^^^^^^^
  File "/usr/lib/python3.12/importlib/__init__.py", line 90, in import_module
    return _bootstrap._gcd_import(name[level:], package, level)
           ^^^^^^^^^^^^^^^^^^^^^^^^^^^^^^^^^^^^^^^^^^^^^^^^^^^^
  File "<frozen importlib._bootstrap>", line 1387, in _gcd_import
  File "<frozen importlib._bootstrap>", line 1360, in _find_and_load
  File "<frozen importlib._bootstrap>", line 1331, in _find_and_load_unlocked
  File "<frozen importlib._bootstrap>", line 935, in _load_unlocked
  File "<frozen importlib._bootstrap_external>", line 995, in exec_module
  File "<frozen importlib._bootstrap>", line 488, in _call_with_frames_removed
  File "/root/Documents/AutoDeployer/dashboard/urls.py", line 2, in <module>
    from . import views
  File "/root/Documents/AutoDeployer/dashboard/views.py", line 13, in <module>
    from .tasks import (
  File "/root/Documents/AutoDeployer/dashboard/tasks.py", line 355
    logger.info(
                ^
IndentationError: unindent does not match any outer indentation level
2026-06-07 12:28:04,265 - ERROR - Signal handler <promise@0x7b2cb7671f90 --> <bound method Celery._autodiscover_tasks of <Celery deployflow at 0x7b2cb79efe00>>> raised: IndentationError('unindent does not match any outer indentation level', ('/root/Documents/AutoDeployer/dashboard/tasks.py', 355, 20, '       logger.info(\n', 355, -1))
Traceback (most recent call last):
  File "/root/Documents/AutoDeployer/venv/lib/python3.12/site-packages/celery/utils/dispatch/signal.py", line 280, in send
    response = receiver(signal=self, sender=sender, **named)
               ^^^^^^^^^^^^^^^^^^^^^^^^^^^^^^^^^^^^^^^^^^^^^
  File "/root/Documents/AutoDeployer/venv/lib/python3.12/site-packages/vine/promises.py", line 161, in __call__
    return self.throw()
           ^^^^^^^^^^^^
  File "/root/Documents/AutoDeployer/venv/lib/python3.12/site-packages/vine/promises.py", line 158, in __call__
    retval = fun(*final_args, **final_kwargs)
             ^^^^^^^^^^^^^^^^^^^^^^^^^^^^^^^^
  File "/root/Documents/AutoDeployer/venv/lib/python3.12/site-packages/celery/app/base.py", line 827, in _autodiscover_tasks
    return self._autodiscover_tasks_from_fixups(related_name)
           ^^^^^^^^^^^^^^^^^^^^^^^^^^^^^^^^^^^^^^^^^^^^^^^^^^
  File "/root/Documents/AutoDeployer/venv/lib/python3.12/site-packages/celery/app/base.py", line 836, in _autodiscover_tasks_from_fixups
    return self._autodiscover_tasks_from_names([
           ^^^^^^^^^^^^^^^^^^^^^^^^^^^^^^^^^^^^^
  File "/root/Documents/AutoDeployer/venv/lib/python3.12/site-packages/celery/app/base.py", line 831, in _autodiscover_tasks_from_names
    return self.loader.autodiscover_tasks(
           ^^^^^^^^^^^^^^^^^^^^^^^^^^^^^^^
  File "/root/Documents/AutoDeployer/venv/lib/python3.12/site-packages/celery/loaders/base.py", line 220, in autodiscover_tasks
    mod.__name__ for mod in autodiscover_tasks(packages or (),
                            ^^^^^^^^^^^^^^^^^^^^^^^^^^^^^^^^^^
  File "/root/Documents/AutoDeployer/venv/lib/python3.12/site-packages/celery/loaders/base.py", line 246, in autodiscover_tasks
    return [find_related_module(pkg, related_name) for pkg in packages]
            ^^^^^^^^^^^^^^^^^^^^^^^^^^^^^^^^^^^^^^
  File "/root/Documents/AutoDeployer/venv/lib/python3.12/site-packages/celery/loaders/base.py", line 270, in find_related_module
    return importlib.import_module(module_name)
           ^^^^^^^^^^^^^^^^^^^^^^^^^^^^^^^^^^^^
  File "/usr/lib/python3.12/importlib/__init__.py", line 90, in import_module
    return _bootstrap._gcd_import(name[level:], package, level)
           ^^^^^^^^^^^^^^^^^^^^^^^^^^^^^^^^^^^^^^^^^^^^^^^^^^^^
  File "<frozen importlib._bootstrap>", line 1387, in _gcd_import
  File "<frozen importlib._bootstrap>", line 1360, in _find_and_load
  File "<frozen importlib._bootstrap>", line 1331, in _find_and_load_unlocked
  File "<frozen importlib._bootstrap>", line 935, in _load_unlocked
  File "<frozen importlib._bootstrap_external>", line 991, in exec_module
  File "<frozen importlib._bootstrap_external>", line 1129, in get_code
  File "<frozen importlib._bootstrap_external>", line 1059, in source_to_code
  File "<frozen importlib._bootstrap>", line 488, in _call_with_frames_removed
  File "/root/Documents/AutoDeployer/dashboard/tasks.py", line 355
    logger.info(
                ^
IndentationError: unindent does not match any outer indentation level
2026-06-07 12:28:04,975 - INFO - Celery file initialized
2026-06-07 12:28:05,239 - ERROR - Signal handler <bound method DjangoFixup.on_import_modules of <celery.fixups.django.DjangoFixup object at 0x7f4cfd4902c0>> raised: IndentationError('unindent does not match any outer indentation level', ('/root/Documents/AutoDeployer/dashboard/tasks.py', 355, 20, '       logger.info(\n', 355, -1))
Traceback (most recent call last):
  File "/root/Documents/AutoDeployer/venv/lib/python3.12/site-packages/celery/utils/dispatch/signal.py", line 280, in send
    response = receiver(signal=self, sender=sender, **named)
               ^^^^^^^^^^^^^^^^^^^^^^^^^^^^^^^^^^^^^^^^^^^^^
  File "/root/Documents/AutoDeployer/venv/lib/python3.12/site-packages/celery/fixups/django.py", line 103, in on_import_modules
    self.worker_fixup.validate_models()
  File "/root/Documents/AutoDeployer/venv/lib/python3.12/site-packages/celery/fixups/django.py", line 154, in validate_models
    run_checks()
  File "/root/Documents/AutoDeployer/venv/lib/python3.12/site-packages/django/core/checks/registry.py", line 89, in run_checks
    new_errors = check(app_configs=app_configs, databases=databases)
                 ^^^^^^^^^^^^^^^^^^^^^^^^^^^^^^^^^^^^^^^^^^^^^^^^^^^
  File "/root/Documents/AutoDeployer/venv/lib/python3.12/site-packages/django/core/checks/urls.py", line 16, in check_url_config
    return check_resolver(resolver)
           ^^^^^^^^^^^^^^^^^^^^^^^^
  File "/root/Documents/AutoDeployer/venv/lib/python3.12/site-packages/django/core/checks/urls.py", line 26, in check_resolver
    return check_method()
           ^^^^^^^^^^^^^^
  File "/root/Documents/AutoDeployer/venv/lib/python3.12/site-packages/django/urls/resolvers.py", line 541, in check
    for pattern in self.url_patterns:
                   ^^^^^^^^^^^^^^^^^
  File "/root/Documents/AutoDeployer/venv/lib/python3.12/site-packages/django/utils/functional.py", line 47, in __get__
    res = instance.__dict__[self.name] = self.func(instance)
                                         ^^^^^^^^^^^^^^^^^^^
  File "/root/Documents/AutoDeployer/venv/lib/python3.12/site-packages/django/urls/resolvers.py", line 729, in url_patterns
    patterns = getattr(self.urlconf_module, "urlpatterns", self.urlconf_module)
                       ^^^^^^^^^^^^^^^^^^^
  File "/root/Documents/AutoDeployer/venv/lib/python3.12/site-packages/django/utils/functional.py", line 47, in __get__
    res = instance.__dict__[self.name] = self.func(instance)
                                         ^^^^^^^^^^^^^^^^^^^
  File "/root/Documents/AutoDeployer/venv/lib/python3.12/site-packages/django/urls/resolvers.py", line 722, in urlconf_module
    return import_module(self.urlconf_name)
           ^^^^^^^^^^^^^^^^^^^^^^^^^^^^^^^^
  File "/usr/lib/python3.12/importlib/__init__.py", line 90, in import_module
    return _bootstrap._gcd_import(name[level:], package, level)
           ^^^^^^^^^^^^^^^^^^^^^^^^^^^^^^^^^^^^^^^^^^^^^^^^^^^^
  File "<frozen importlib._bootstrap>", line 1387, in _gcd_import
  File "<frozen importlib._bootstrap>", line 1360, in _find_and_load
  File "<frozen importlib._bootstrap>", line 1331, in _find_and_load_unlocked
  File "<frozen importlib._bootstrap>", line 935, in _load_unlocked
  File "<frozen importlib._bootstrap_external>", line 995, in exec_module
  File "<frozen importlib._bootstrap>", line 488, in _call_with_frames_removed
  File "/root/Documents/AutoDeployer/deployflow/urls.py", line 22, in <module>
    path('', include('dashboard.urls')),
             ^^^^^^^^^^^^^^^^^^^^^^^^^
  File "/root/Documents/AutoDeployer/venv/lib/python3.12/site-packages/django/urls/conf.py", line 39, in include
    urlconf_module = import_module(urlconf_module)
                     ^^^^^^^^^^^^^^^^^^^^^^^^^^^^^
  File "/usr/lib/python3.12/importlib/__init__.py", line 90, in import_module
    return _bootstrap._gcd_import(name[level:], package, level)
           ^^^^^^^^^^^^^^^^^^^^^^^^^^^^^^^^^^^^^^^^^^^^^^^^^^^^
  File "<frozen importlib._bootstrap>", line 1387, in _gcd_import
  File "<frozen importlib._bootstrap>", line 1360, in _find_and_load
  File "<frozen importlib._bootstrap>", line 1331, in _find_and_load_unlocked
  File "<frozen importlib._bootstrap>", line 935, in _load_unlocked
  File "<frozen importlib._bootstrap_external>", line 995, in exec_module
  File "<frozen importlib._bootstrap>", line 488, in _call_with_frames_removed
  File "/root/Documents/AutoDeployer/dashboard/urls.py", line 2, in <module>
    from . import views
  File "/root/Documents/AutoDeployer/dashboard/views.py", line 13, in <module>
    from .tasks import (
  File "/root/Documents/AutoDeployer/dashboard/tasks.py", line 355
    logger.info(
                ^
IndentationError: unindent does not match any outer indentation level
2026-06-07 12:28:05,244 - ERROR - Signal handler <promise@0x7f4cfd47df90 --> <bound method Celery._autodiscover_tasks of <Celery deployflow at 0x7f4cfda02c00>>> raised: IndentationError('unindent does not match any outer indentation level', ('/root/Documents/AutoDeployer/dashboard/tasks.py', 355, 20, '       logger.info(\n', 355, -1))
Traceback (most recent call last):
  File "/root/Documents/AutoDeployer/venv/lib/python3.12/site-packages/celery/utils/dispatch/signal.py", line 280, in send
    response = receiver(signal=self, sender=sender, **named)
               ^^^^^^^^^^^^^^^^^^^^^^^^^^^^^^^^^^^^^^^^^^^^^
  File "/root/Documents/AutoDeployer/venv/lib/python3.12/site-packages/vine/promises.py", line 161, in __call__
    return self.throw()
           ^^^^^^^^^^^^
  File "/root/Documents/AutoDeployer/venv/lib/python3.12/site-packages/vine/promises.py", line 158, in __call__
    retval = fun(*final_args, **final_kwargs)
             ^^^^^^^^^^^^^^^^^^^^^^^^^^^^^^^^
  File "/root/Documents/AutoDeployer/venv/lib/python3.12/site-packages/celery/app/base.py", line 827, in _autodiscover_tasks
    return self._autodiscover_tasks_from_fixups(related_name)
           ^^^^^^^^^^^^^^^^^^^^^^^^^^^^^^^^^^^^^^^^^^^^^^^^^^
  File "/root/Documents/AutoDeployer/venv/lib/python3.12/site-packages/celery/app/base.py", line 836, in _autodiscover_tasks_from_fixups
    return self._autodiscover_tasks_from_names([
           ^^^^^^^^^^^^^^^^^^^^^^^^^^^^^^^^^^^^^
  File "/root/Documents/AutoDeployer/venv/lib/python3.12/site-packages/celery/app/base.py", line 831, in _autodiscover_tasks_from_names
    return self.loader.autodiscover_tasks(
           ^^^^^^^^^^^^^^^^^^^^^^^^^^^^^^^
  File "/root/Documents/AutoDeployer/venv/lib/python3.12/site-packages/celery/loaders/base.py", line 220, in autodiscover_tasks
    mod.__name__ for mod in autodiscover_tasks(packages or (),
                            ^^^^^^^^^^^^^^^^^^^^^^^^^^^^^^^^^^
  File "/root/Documents/AutoDeployer/venv/lib/python3.12/site-packages/celery/loaders/base.py", line 246, in autodiscover_tasks
    return [find_related_module(pkg, related_name) for pkg in packages]
            ^^^^^^^^^^^^^^^^^^^^^^^^^^^^^^^^^^^^^^
  File "/root/Documents/AutoDeployer/venv/lib/python3.12/site-packages/celery/loaders/base.py", line 270, in find_related_module
    return importlib.import_module(module_name)
           ^^^^^^^^^^^^^^^^^^^^^^^^^^^^^^^^^^^^
  File "/usr/lib/python3.12/importlib/__init__.py", line 90, in import_module
    return _bootstrap._gcd_import(name[level:], package, level)
           ^^^^^^^^^^^^^^^^^^^^^^^^^^^^^^^^^^^^^^^^^^^^^^^^^^^^
  File "<frozen importlib._bootstrap>", line 1387, in _gcd_import
  File "<frozen importlib._bootstrap>", line 1360, in _find_and_load
  File "<frozen importlib._bootstrap>", line 1331, in _find_and_load_unlocked
  File "<frozen importlib._bootstrap>", line 935, in _load_unlocked
  File "<frozen importlib._bootstrap_external>", line 991, in exec_module
  File "<frozen importlib._bootstrap_external>", line 1129, in get_code
  File "<frozen importlib._bootstrap_external>", line 1059, in source_to_code
  File "<frozen importlib._bootstrap>", line 488, in _call_with_frames_removed
  File "/root/Documents/AutoDeployer/dashboard/tasks.py", line 355
    logger.info(
                ^
IndentationError: unindent does not match any outer indentation level
2026-06-07 12:28:05,990 - INFO - Celery file initialized
2026-06-07 12:28:06,254 - ERROR - Signal handler <bound method DjangoFixup.on_import_modules of <celery.fixups.django.DjangoFixup object at 0x7aa5acb0da00>> raised: IndentationError('unindent does not match any outer indentation level', ('/root/Documents/AutoDeployer/dashboard/tasks.py', 355, 20, '       logger.info(\n', 355, -1))
Traceback (most recent call last):
  File "/root/Documents/AutoDeployer/venv/lib/python3.12/site-packages/celery/utils/dispatch/signal.py", line 280, in send
    response = receiver(signal=self, sender=sender, **named)
               ^^^^^^^^^^^^^^^^^^^^^^^^^^^^^^^^^^^^^^^^^^^^^
  File "/root/Documents/AutoDeployer/venv/lib/python3.12/site-packages/celery/fixups/django.py", line 103, in on_import_modules
    self.worker_fixup.validate_models()
  File "/root/Documents/AutoDeployer/venv/lib/python3.12/site-packages/celery/fixups/django.py", line 154, in validate_models
    run_checks()
  File "/root/Documents/AutoDeployer/venv/lib/python3.12/site-packages/django/core/checks/registry.py", line 89, in run_checks
    new_errors = check(app_configs=app_configs, databases=databases)
                 ^^^^^^^^^^^^^^^^^^^^^^^^^^^^^^^^^^^^^^^^^^^^^^^^^^^
  File "/root/Documents/AutoDeployer/venv/lib/python3.12/site-packages/django/core/checks/urls.py", line 16, in check_url_config
    return check_resolver(resolver)
           ^^^^^^^^^^^^^^^^^^^^^^^^
  File "/root/Documents/AutoDeployer/venv/lib/python3.12/site-packages/django/core/checks/urls.py", line 26, in check_resolver
    return check_method()
           ^^^^^^^^^^^^^^
  File "/root/Documents/AutoDeployer/venv/lib/python3.12/site-packages/django/urls/resolvers.py", line 541, in check
    for pattern in self.url_patterns:
                   ^^^^^^^^^^^^^^^^^
  File "/root/Documents/AutoDeployer/venv/lib/python3.12/site-packages/django/utils/functional.py", line 47, in __get__
    res = instance.__dict__[self.name] = self.func(instance)
                                         ^^^^^^^^^^^^^^^^^^^
  File "/root/Documents/AutoDeployer/venv/lib/python3.12/site-packages/django/urls/resolvers.py", line 729, in url_patterns
    patterns = getattr(self.urlconf_module, "urlpatterns", self.urlconf_module)
                       ^^^^^^^^^^^^^^^^^^^
  File "/root/Documents/AutoDeployer/venv/lib/python3.12/site-packages/django/utils/functional.py", line 47, in __get__
    res = instance.__dict__[self.name] = self.func(instance)
                                         ^^^^^^^^^^^^^^^^^^^
  File "/root/Documents/AutoDeployer/venv/lib/python3.12/site-packages/django/urls/resolvers.py", line 722, in urlconf_module
    return import_module(self.urlconf_name)
           ^^^^^^^^^^^^^^^^^^^^^^^^^^^^^^^^
  File "/usr/lib/python3.12/importlib/__init__.py", line 90, in import_module
    return _bootstrap._gcd_import(name[level:], package, level)
           ^^^^^^^^^^^^^^^^^^^^^^^^^^^^^^^^^^^^^^^^^^^^^^^^^^^^
  File "<frozen importlib._bootstrap>", line 1387, in _gcd_import
  File "<frozen importlib._bootstrap>", line 1360, in _find_and_load
  File "<frozen importlib._bootstrap>", line 1331, in _find_and_load_unlocked
  File "<frozen importlib._bootstrap>", line 935, in _load_unlocked
  File "<frozen importlib._bootstrap_external>", line 995, in exec_module
  File "<frozen importlib._bootstrap>", line 488, in _call_with_frames_removed
  File "/root/Documents/AutoDeployer/deployflow/urls.py", line 22, in <module>
    path('', include('dashboard.urls')),
             ^^^^^^^^^^^^^^^^^^^^^^^^^
  File "/root/Documents/AutoDeployer/venv/lib/python3.12/site-packages/django/urls/conf.py", line 39, in include
    urlconf_module = import_module(urlconf_module)
                     ^^^^^^^^^^^^^^^^^^^^^^^^^^^^^
  File "/usr/lib/python3.12/importlib/__init__.py", line 90, in import_module
    return _bootstrap._gcd_import(name[level:], package, level)
           ^^^^^^^^^^^^^^^^^^^^^^^^^^^^^^^^^^^^^^^^^^^^^^^^^^^^
  File "<frozen importlib._bootstrap>", line 1387, in _gcd_import
  File "<frozen importlib._bootstrap>", line 1360, in _find_and_load
  File "<frozen importlib._bootstrap>", line 1331, in _find_and_load_unlocked
  File "<frozen importlib._bootstrap>", line 935, in _load_unlocked
  File "<frozen importlib._bootstrap_external>", line 995, in exec_module
  File "<frozen importlib._bootstrap>", line 488, in _call_with_frames_removed
  File "/root/Documents/AutoDeployer/dashboard/urls.py", line 2, in <module>
    from . import views
  File "/root/Documents/AutoDeployer/dashboard/views.py", line 13, in <module>
    from .tasks import (
  File "/root/Documents/AutoDeployer/dashboard/tasks.py", line 355
    logger.info(
                ^
IndentationError: unindent does not match any outer indentation level
2026-06-07 12:28:06,259 - ERROR - Signal handler <promise@0x7aa5ab27df90 --> <bound method Celery._autodiscover_tasks of <Celery deployflow at 0x7aa5ab6b2c00>>> raised: IndentationError('unindent does not match any outer indentation level', ('/root/Documents/AutoDeployer/dashboard/tasks.py', 355, 20, '       logger.info(\n', 355, -1))
Traceback (most recent call last):
  File "/root/Documents/AutoDeployer/venv/lib/python3.12/site-packages/celery/utils/dispatch/signal.py", line 280, in send
    response = receiver(signal=self, sender=sender, **named)
               ^^^^^^^^^^^^^^^^^^^^^^^^^^^^^^^^^^^^^^^^^^^^^
  File "/root/Documents/AutoDeployer/venv/lib/python3.12/site-packages/vine/promises.py", line 161, in __call__
    return self.throw()
           ^^^^^^^^^^^^
  File "/root/Documents/AutoDeployer/venv/lib/python3.12/site-packages/vine/promises.py", line 158, in __call__
    retval = fun(*final_args, **final_kwargs)
             ^^^^^^^^^^^^^^^^^^^^^^^^^^^^^^^^
  File "/root/Documents/AutoDeployer/venv/lib/python3.12/site-packages/celery/app/base.py", line 827, in _autodiscover_tasks
    return self._autodiscover_tasks_from_fixups(related_name)
           ^^^^^^^^^^^^^^^^^^^^^^^^^^^^^^^^^^^^^^^^^^^^^^^^^^
  File "/root/Documents/AutoDeployer/venv/lib/python3.12/site-packages/celery/app/base.py", line 836, in _autodiscover_tasks_from_fixups
    return self._autodiscover_tasks_from_names([
           ^^^^^^^^^^^^^^^^^^^^^^^^^^^^^^^^^^^^^
  File "/root/Documents/AutoDeployer/venv/lib/python3.12/site-packages/celery/app/base.py", line 831, in _autodiscover_tasks_from_names
    return self.loader.autodiscover_tasks(
           ^^^^^^^^^^^^^^^^^^^^^^^^^^^^^^^
  File "/root/Documents/AutoDeployer/venv/lib/python3.12/site-packages/celery/loaders/base.py", line 220, in autodiscover_tasks
    mod.__name__ for mod in autodiscover_tasks(packages or (),
                            ^^^^^^^^^^^^^^^^^^^^^^^^^^^^^^^^^^
  File "/root/Documents/AutoDeployer/venv/lib/python3.12/site-packages/celery/loaders/base.py", line 246, in autodiscover_tasks
    return [find_related_module(pkg, related_name) for pkg in packages]
            ^^^^^^^^^^^^^^^^^^^^^^^^^^^^^^^^^^^^^^
  File "/root/Documents/AutoDeployer/venv/lib/python3.12/site-packages/celery/loaders/base.py", line 270, in find_related_module
    return importlib.import_module(module_name)
           ^^^^^^^^^^^^^^^^^^^^^^^^^^^^^^^^^^^^
  File "/usr/lib/python3.12/importlib/__init__.py", line 90, in import_module
    return _bootstrap._gcd_import(name[level:], package, level)
           ^^^^^^^^^^^^^^^^^^^^^^^^^^^^^^^^^^^^^^^^^^^^^^^^^^^^
  File "<frozen importlib._bootstrap>", line 1387, in _gcd_import
  File "<frozen importlib._bootstrap>", line 1360, in _find_and_load
  File "<frozen importlib._bootstrap>", line 1331, in _find_and_load_unlocked
  File "<frozen importlib._bootstrap>", line 935, in _load_unlocked
  File "<frozen importlib._bootstrap_external>", line 991, in exec_module
  File "<frozen importlib._bootstrap_external>", line 1129, in get_code
  File "<frozen importlib._bootstrap_external>", line 1059, in source_to_code
  File "<frozen importlib._bootstrap>", line 488, in _call_with_frames_removed
  File "/root/Documents/AutoDeployer/dashboard/tasks.py", line 355
    logger.info(
                ^
IndentationError: unindent does not match any outer indentation level
2026-06-07 12:30:10,670 - INFO - Celery file initialized
2026-06-07 12:30:10,954 - ERROR - Signal handler <bound method DjangoFixup.on_import_modules of <celery.fixups.django.DjangoFixup object at 0x7fa38e338aa0>> raised: IndentationError('unindent does not match any outer indentation level', ('/root/Documents/AutoDeployer/dashboard/tasks.py', 355, 20, '       logger.info(\n', 355, -1))
Traceback (most recent call last):
  File "/root/Documents/AutoDeployer/venv/lib/python3.12/site-packages/celery/utils/dispatch/signal.py", line 280, in send
    response = receiver(signal=self, sender=sender, **named)
               ^^^^^^^^^^^^^^^^^^^^^^^^^^^^^^^^^^^^^^^^^^^^^
  File "/root/Documents/AutoDeployer/venv/lib/python3.12/site-packages/celery/fixups/django.py", line 103, in on_import_modules
    self.worker_fixup.validate_models()
  File "/root/Documents/AutoDeployer/venv/lib/python3.12/site-packages/celery/fixups/django.py", line 154, in validate_models
    run_checks()
  File "/root/Documents/AutoDeployer/venv/lib/python3.12/site-packages/django/core/checks/registry.py", line 89, in run_checks
    new_errors = check(app_configs=app_configs, databases=databases)
                 ^^^^^^^^^^^^^^^^^^^^^^^^^^^^^^^^^^^^^^^^^^^^^^^^^^^
  File "/root/Documents/AutoDeployer/venv/lib/python3.12/site-packages/django/core/checks/urls.py", line 16, in check_url_config
    return check_resolver(resolver)
           ^^^^^^^^^^^^^^^^^^^^^^^^
  File "/root/Documents/AutoDeployer/venv/lib/python3.12/site-packages/django/core/checks/urls.py", line 26, in check_resolver
    return check_method()
           ^^^^^^^^^^^^^^
  File "/root/Documents/AutoDeployer/venv/lib/python3.12/site-packages/django/urls/resolvers.py", line 541, in check
    for pattern in self.url_patterns:
                   ^^^^^^^^^^^^^^^^^
  File "/root/Documents/AutoDeployer/venv/lib/python3.12/site-packages/django/utils/functional.py", line 47, in __get__
    res = instance.__dict__[self.name] = self.func(instance)
                                         ^^^^^^^^^^^^^^^^^^^
  File "/root/Documents/AutoDeployer/venv/lib/python3.12/site-packages/django/urls/resolvers.py", line 729, in url_patterns
    patterns = getattr(self.urlconf_module, "urlpatterns", self.urlconf_module)
                       ^^^^^^^^^^^^^^^^^^^
  File "/root/Documents/AutoDeployer/venv/lib/python3.12/site-packages/django/utils/functional.py", line 47, in __get__
    res = instance.__dict__[self.name] = self.func(instance)
                                         ^^^^^^^^^^^^^^^^^^^
  File "/root/Documents/AutoDeployer/venv/lib/python3.12/site-packages/django/urls/resolvers.py", line 722, in urlconf_module
    return import_module(self.urlconf_name)
           ^^^^^^^^^^^^^^^^^^^^^^^^^^^^^^^^
  File "/usr/lib/python3.12/importlib/__init__.py", line 90, in import_module
    return _bootstrap._gcd_import(name[level:], package, level)
           ^^^^^^^^^^^^^^^^^^^^^^^^^^^^^^^^^^^^^^^^^^^^^^^^^^^^
  File "<frozen importlib._bootstrap>", line 1387, in _gcd_import
  File "<frozen importlib._bootstrap>", line 1360, in _find_and_load
  File "<frozen importlib._bootstrap>", line 1331, in _find_and_load_unlocked
  File "<frozen importlib._bootstrap>", line 935, in _load_unlocked
  File "<frozen importlib._bootstrap_external>", line 995, in exec_module
  File "<frozen importlib._bootstrap>", line 488, in _call_with_frames_removed
  File "/root/Documents/AutoDeployer/deployflow/urls.py", line 22, in <module>
    path('', include('dashboard.urls')),
             ^^^^^^^^^^^^^^^^^^^^^^^^^
  File "/root/Documents/AutoDeployer/venv/lib/python3.12/site-packages/django/urls/conf.py", line 39, in include
    urlconf_module = import_module(urlconf_module)
                     ^^^^^^^^^^^^^^^^^^^^^^^^^^^^^
  File "/usr/lib/python3.12/importlib/__init__.py", line 90, in import_module
    return _bootstrap._gcd_import(name[level:], package, level)
           ^^^^^^^^^^^^^^^^^^^^^^^^^^^^^^^^^^^^^^^^^^^^^^^^^^^^
  File "<frozen importlib._bootstrap>", line 1387, in _gcd_import
  File "<frozen importlib._bootstrap>", line 1360, in _find_and_load
  File "<frozen importlib._bootstrap>", line 1331, in _find_and_load_unlocked
  File "<frozen importlib._bootstrap>", line 935, in _load_unlocked
  File "<frozen importlib._bootstrap_external>", line 995, in exec_module
  File "<frozen importlib._bootstrap>", line 488, in _call_with_frames_removed
  File "/root/Documents/AutoDeployer/dashboard/urls.py", line 2, in <module>
    from . import views
  File "/root/Documents/AutoDeployer/dashboard/views.py", line 13, in <module>
    from .tasks import (
  File "/root/Documents/AutoDeployer/dashboard/tasks.py", line 355
    logger.info(
                ^
IndentationError: unindent does not match any outer indentation level
2026-06-07 12:30:10,959 - ERROR - Signal handler <promise@0x7fa38de61f90 --> <bound method Celery._autodiscover_tasks of <Celery deployflow at 0x7fa38f5fac00>>> raised: IndentationError('unindent does not match any outer indentation level', ('/root/Documents/AutoDeployer/dashboard/tasks.py', 355, 20, '       logger.info(\n', 355, -1))
Traceback (most recent call last):
  File "/root/Documents/AutoDeployer/venv/lib/python3.12/site-packages/celery/utils/dispatch/signal.py", line 280, in send
    response = receiver(signal=self, sender=sender, **named)
               ^^^^^^^^^^^^^^^^^^^^^^^^^^^^^^^^^^^^^^^^^^^^^
  File "/root/Documents/AutoDeployer/venv/lib/python3.12/site-packages/vine/promises.py", line 161, in __call__
    return self.throw()
           ^^^^^^^^^^^^
  File "/root/Documents/AutoDeployer/venv/lib/python3.12/site-packages/vine/promises.py", line 158, in __call__
    retval = fun(*final_args, **final_kwargs)
             ^^^^^^^^^^^^^^^^^^^^^^^^^^^^^^^^
  File "/root/Documents/AutoDeployer/venv/lib/python3.12/site-packages/celery/app/base.py", line 827, in _autodiscover_tasks
    return self._autodiscover_tasks_from_fixups(related_name)
           ^^^^^^^^^^^^^^^^^^^^^^^^^^^^^^^^^^^^^^^^^^^^^^^^^^
  File "/root/Documents/AutoDeployer/venv/lib/python3.12/site-packages/celery/app/base.py", line 836, in _autodiscover_tasks_from_fixups
    return self._autodiscover_tasks_from_names([
           ^^^^^^^^^^^^^^^^^^^^^^^^^^^^^^^^^^^^^
  File "/root/Documents/AutoDeployer/venv/lib/python3.12/site-packages/celery/app/base.py", line 831, in _autodiscover_tasks_from_names
    return self.loader.autodiscover_tasks(
           ^^^^^^^^^^^^^^^^^^^^^^^^^^^^^^^
  File "/root/Documents/AutoDeployer/venv/lib/python3.12/site-packages/celery/loaders/base.py", line 220, in autodiscover_tasks
    mod.__name__ for mod in autodiscover_tasks(packages or (),
                            ^^^^^^^^^^^^^^^^^^^^^^^^^^^^^^^^^^
  File "/root/Documents/AutoDeployer/venv/lib/python3.12/site-packages/celery/loaders/base.py", line 246, in autodiscover_tasks
    return [find_related_module(pkg, related_name) for pkg in packages]
            ^^^^^^^^^^^^^^^^^^^^^^^^^^^^^^^^^^^^^^
  File "/root/Documents/AutoDeployer/venv/lib/python3.12/site-packages/celery/loaders/base.py", line 270, in find_related_module
    return importlib.import_module(module_name)
           ^^^^^^^^^^^^^^^^^^^^^^^^^^^^^^^^^^^^
  File "/usr/lib/python3.12/importlib/__init__.py", line 90, in import_module
    return _bootstrap._gcd_import(name[level:], package, level)
           ^^^^^^^^^^^^^^^^^^^^^^^^^^^^^^^^^^^^^^^^^^^^^^^^^^^^
  File "<frozen importlib._bootstrap>", line 1387, in _gcd_import
  File "<frozen importlib._bootstrap>", line 1360, in _find_and_load
  File "<frozen importlib._bootstrap>", line 1331, in _find_and_load_unlocked
  File "<frozen importlib._bootstrap>", line 935, in _load_unlocked
  File "<frozen importlib._bootstrap_external>", line 991, in exec_module
  File "<frozen importlib._bootstrap_external>", line 1129, in get_code
  File "<frozen importlib._bootstrap_external>", line 1059, in source_to_code
  File "<frozen importlib._bootstrap>", line 488, in _call_with_frames_removed
  File "/root/Documents/AutoDeployer/dashboard/tasks.py", line 355
    logger.info(
                ^
IndentationError: unindent does not match any outer indentation level
2026-06-07 12:41:01,831 - INFO - Celery file initialized
2026-06-07 12:41:01,958 - INFO - Celery file initialized
2026-06-07 12:41:01,980 - INFO - Celery file initialized
2026-06-07 12:41:07,816 - INFO - Celery file initialized
2026-06-07 12:42:11,920 - INFO - Celery file initialized
2026-06-07 14:40:56,675 - INFO - Celery file initialized
2026-06-07 14:40:56,677 - INFO - Celery file initialized
2026-06-07 14:40:56,694 - INFO - Celery file initialized
2026-06-07 14:41:02,096 - INFO - Celery file initialized
2026-06-07 14:47:43,780 - INFO - Celery file initialized
2026-06-07 14:47:43,920 - INFO - Celery file initialized
2026-06-07 14:47:44,030 - INFO - Celery file initialized
2026-06-07 14:47:48,172 - INFO - Celery file initialized
2026-06-07 14:47:48,350 - INFO - Celery file initialized
2026-06-07 14:47:48,453 - INFO - Celery file initialized
2026-06-07 14:51:54,561 - INFO - Celery file initialized
2026-06-07 14:51:54,719 - INFO - Celery file initialized
2026-06-07 14:51:54,779 - INFO - Celery file initialized
2026-06-07 14:51:59,377 - INFO - Celery file initialized
2026-06-07 14:53:53,093 - INFO - Celery file initialized
2026-06-07 14:53:53,354 - INFO - Celery file initialized
2026-06-07 14:53:53,842 - INFO - Celery file initialized
2026-06-07 14:58:04,899 - INFO - Celery file initialized
2026-06-07 14:58:05,182 - INFO - Celery file initialized
2026-06-07 14:58:05,211 - INFO - Celery file initialized
2026-06-07 14:58:09,008 - INFO - Celery file initialized
2026-06-07 14:58:40,739 - INFO - Celery file initialized
2026-06-07 14:58:40,904 - INFO - Celery file initialized
2026-06-07 14:58:40,947 - INFO - Celery file initialized
2026-06-07 14:58:46,149 - INFO - Celery file initialized
2026-06-07 15:00:54,419 - INFO - Celery file initialized
2026-06-07 15:00:54,422 - INFO - Celery file initialized
2026-06-07 15:00:54,448 - INFO - Celery file initialized
2026-06-07 15:00:58,609 - INFO - Celery file initialized
2026-06-07 15:08:25,535 - INFO - Celery file initialized
2026-06-07 15:18:41,538 - INFO - Celery file initialized
2026-06-07 15:18:41,832 - INFO - Celery file initialized
2026-06-07 15:18:42,078 - INFO - Celery file initialized
2026-06-07 15:18:48,640 - INFO - Celery file initialized
2026-06-07 15:24:32,806 - INFO - Celery file initialized
2026-06-07 15:24:39,824 - INFO - Celery file initialized
2026-06-07 15:24:40,132 - INFO - Celery file initialized
2026-06-07 15:24:40,178 - INFO - Celery file initialized
2026-06-07 16:36:42,228 - INFO - Celery file initialized
2026-06-07 16:36:42,365 - INFO - Celery file initialized
2026-06-07 16:36:42,447 - INFO - Celery file initialized
2026-06-07 16:37:30,071 - INFO - Celery file initialized
2026-06-07 16:37:30,145 - INFO - Celery file initialized
2026-06-07 16:37:30,218 - INFO - Celery file initialized
2026-06-07 16:41:41,112 - INFO - Celery file initialized
2026-06-07 16:41:41,152 - INFO - Celery file initialized
2026-06-07 16:41:41,252 - INFO - Celery file initialized
2026-06-07 20:49:44,806 - INFO - Celery file initialized
2026-06-07 20:49:45,234 - INFO - Celery file initialized
2026-06-07 20:49:45,555 - INFO - Celery file initialized
2026-06-07 21:07:57,886 - INFO - Celery file initialized
2026-06-07 21:07:57,965 - INFO - Celery file initialized
2026-06-07 21:07:58,041 - INFO - Celery file initialized
2026-06-07 22:09:59,018 - INFO - Celery file initialized
2026-06-07 22:09:59,204 - INFO - Celery file initialized
2026-06-07 22:09:59,320 - INFO - Celery file initialized
2026-06-07 22:10:10,249 - INFO - Celery file initialized
2026-06-07 22:19:09,454 - INFO - Celery file initialized
2026-06-07 22:19:09,574 - INFO - Celery file initialized
2026-06-07 22:19:09,682 - INFO - Celery file initialized
2026-06-07 22:42:15,680 - INFO - Celery file initialized
2026-06-07 22:42:15,830 - INFO - Celery file initialized
2026-06-07 22:42:15,865 - INFO - Celery file initialized
2026-06-07 22:50:56,867 - INFO - Celery file initialized
2026-06-07 22:50:56,874 - INFO - Celery file initialized
2026-06-07 22:50:56,876 - INFO - Celery file initialized
2026-06-07 22:51:01,083 - INFO - Celery file initialized
2026-06-07 22:55:21,462 - INFO - Celery file initialized
2026-06-07 23:03:45,837 - INFO - Celery file initialized
2026-06-07 23:03:46,022 - INFO - Celery file initialized
2026-06-07 23:03:46,148 - INFO - Celery file initialized
2026-06-07 23:41:34,593 - INFO - Celery file initialized
2026-06-07 23:41:42,338 - INFO - Celery file initialized
2026-06-07 23:41:42,513 - INFO - Celery file initialized
2026-06-07 23:41:42,568 - INFO - Celery file initialized
2026-06-07 23:44:14,482 - INFO - Celery file initialized
2026-06-07 23:47:57,741 - INFO - Celery file initialized
2026-06-07 23:48:07,638 - INFO - Celery file initialized
2026-06-07 23:48:07,660 - INFO - Celery file initialized
2026-06-07 23:48:07,751 - INFO - Celery file initialized
2026-06-07 23:50:42,929 - INFO - Celery file initialized
2026-06-07 23:55:20,362 - INFO - Celery file initialized
2026-06-07 23:55:20,531 - INFO - Celery file initialized
2026-06-07 23:55:20,637 - INFO - Celery file initialized
2026-06-07 23:55:24,876 - INFO - Celery file initialized
2026-06-07 23:55:34,927 - INFO - Celery file initialized
2026-06-08 00:02:00,718 - INFO - Celery file initialized
2026-06-08 00:02:00,719 - INFO - Celery file initialized
2026-06-08 00:02:00,719 - INFO - Celery file initialized
2026-06-08 00:02:05,671 - INFO - Celery file initialized
2026-06-08 00:03:38,846 - INFO - Celery file initialized
2026-06-08 12:31:09,792 - INFO - Celery file initialized
2026-06-08 12:31:09,878 - INFO - Celery file initialized
2026-06-08 12:31:09,990 - INFO - Celery file initialized
2026-06-08 12:33:07,378 - INFO - Celery file initialized
2026-06-08 12:33:07,646 - INFO - Celery file initialized
2026-06-08 12:33:07,711 - INFO - Celery file initialized
2026-06-08 12:59:50,496 - INFO - Celery file initialized
2026-06-08 13:00:01,260 - INFO - Celery file initialized
2026-06-08 13:00:18,708 - INFO - Celery file initialized
2026-06-08 13:00:18,749 - INFO - Celery file initialized
2026-06-08 13:00:18,848 - INFO - Celery file initialized
2026-06-08 13:00:27,352 - INFO - Celery file initialized
2026-06-08 13:04:00,766 - INFO - Celery file initialized
2026-06-08 13:04:00,777 - INFO - Celery file initialized
2026-06-08 13:04:01,008 - INFO - Celery file initialized
2026-06-08 13:05:53,230 - INFO - Celery file initialized
2026-06-08 13:05:53,373 - INFO - Celery file initialized
2026-06-08 13:05:53,495 - INFO - Celery file initialized
2026-06-08 13:08:21,492 - INFO - Celery file initialized
2026-06-08 13:11:13,991 - INFO - Celery file initialized
2026-06-08 13:11:14,108 - INFO - Celery file initialized
2026-06-08 13:11:14,309 - INFO - Celery file initialized
2026-06-08 13:11:24,897 - INFO - Celery file initialized
2026-06-08 13:17:16,036 - INFO - Celery file initialized
2026-06-08 13:17:16,160 - INFO - Celery file initialized
2026-06-08 13:17:16,354 - INFO - Celery file initialized
2026-06-08 13:19:23,710 - INFO - Celery file initialized
2026-06-08 13:19:23,819 - INFO - Celery file initialized
2026-06-08 13:19:24,038 - INFO - Celery file initialized
2026-06-08 13:22:06,971 - INFO - Celery file initialized
2026-06-08 13:22:07,176 - INFO - Celery file initialized
2026-06-08 13:22:07,205 - INFO - Celery file initialized
2026-06-08 13:23:42,216 - INFO - Celery file initialized
2026-06-08 13:23:42,332 - INFO - Celery file initialized
2026-06-08 13:23:42,481 - INFO - Celery file initialized
2026-06-08 13:25:10,073 - INFO - Celery file initialized
2026-06-08 13:25:10,125 - INFO - Celery file initialized
2026-06-08 13:25:10,306 - INFO - Celery file initialized
